2023/07/21 14:44:49 - mmengine - INFO - 
------------------------------------------------------------
System environment:
    sys.platform: linux
    Python: 3.9.4 | packaged by conda-forge | (default, May 10 2021, 22:13:33) [GCC 9.3.0]
    CUDA available: True
    numpy_random_seed: 1271572783
    GPU 0: NVIDIA A10G
    CUDA_HOME: /usr/local/cuda
    NVCC: Cuda compilation tools, release 11.5, V11.5.119
    GCC: gcc (Ubuntu 9.4.0-1ubuntu1~20.04.1) 9.4.0
    PyTorch: 2.0.1+cu117
    PyTorch compiling details: PyTorch built with:
  - GCC 9.3
  - C++ Version: 201703
  - Intel(R) oneAPI Math Kernel Library Version 2022.2-Product Build 20220804 for Intel(R) 64 architecture applications
  - Intel(R) MKL-DNN v2.7.3 (Git Hash 6dbeffbae1f23cbbeae17adb7b5b13f1f37c080e)
  - OpenMP 201511 (a.k.a. OpenMP 4.5)
  - LAPACK is enabled (usually provided by MKL)
  - NNPACK is enabled
  - CPU capability usage: AVX2
  - CUDA Runtime 11.7
  - NVCC architecture flags: -gencode;arch=compute_37,code=sm_37;-gencode;arch=compute_50,code=sm_50;-gencode;arch=compute_60,code=sm_60;-gencode;arch=compute_70,code=sm_70;-gencode;arch=compute_75,code=sm_75;-gencode;arch=compute_80,code=sm_80;-gencode;arch=compute_86,code=sm_86
  - CuDNN 8.4  (built against CUDA 11.6)
    - Built with CuDNN 8.5
  - Magma 2.6.1
  - Build settings: BLAS_INFO=mkl, BUILD_TYPE=Release, CUDA_VERSION=11.7, CUDNN_VERSION=8.5.0, CXX_COMPILER=/opt/rh/devtoolset-9/root/usr/bin/c++, CXX_FLAGS= -D_GLIBCXX_USE_CXX11_ABI=0 -fabi-version=11 -Wno-deprecated -fvisibility-inlines-hidden -DUSE_PTHREADPOOL -DNDEBUG -DUSE_KINETO -DLIBKINETO_NOROCTRACER -DUSE_FBGEMM -DUSE_QNNPACK -DUSE_PYTORCH_QNNPACK -DUSE_XNNPACK -DSYMBOLICATE_MOBILE_DEBUG_HANDLE -O2 -fPIC -Wall -Wextra -Werror=return-type -Werror=non-virtual-dtor -Werror=bool-operation -Wnarrowing -Wno-missing-field-initializers -Wno-type-limits -Wno-array-bounds -Wno-unknown-pragmas -Wunused-local-typedefs -Wno-unused-parameter -Wno-unused-function -Wno-unused-result -Wno-strict-overflow -Wno-strict-aliasing -Wno-error=deprecated-declarations -Wno-stringop-overflow -Wno-psabi -Wno-error=pedantic -Wno-error=redundant-decls -Wno-error=old-style-cast -fdiagnostics-color=always -faligned-new -Wno-unused-but-set-variable -Wno-maybe-uninitialized -fno-math-errno -fno-trapping-math -Werror=format -Werror=cast-function-type -Wno-stringop-overflow, LAPACK_INFO=mkl, PERF_WITH_AVX=1, PERF_WITH_AVX2=1, PERF_WITH_AVX512=1, TORCH_DISABLE_GPU_ASSERTS=ON, TORCH_VERSION=2.0.1, USE_CUDA=ON, USE_CUDNN=ON, USE_EXCEPTION_PTR=1, USE_GFLAGS=OFF, USE_GLOG=OFF, USE_MKL=ON, USE_MKLDNN=ON, USE_MPI=OFF, USE_NCCL=1, USE_NNPACK=ON, USE_OPENMP=ON, USE_ROCM=OFF, 

    TorchVision: 0.15.2+cu117
    OpenCV: 4.7.0
    MMEngine: 0.8.0

Runtime environment:
    cudnn_benchmark: False
    mp_cfg: {'mp_start_method': 'fork', 'opencv_num_threads': 0}
    dist_cfg: {'backend': 'nccl'}
    seed: 1271572783
    Distributed launcher: none
    Distributed training: False
    GPU number: 1
------------------------------------------------------------

2023/07/21 14:44:49 - mmengine - INFO - Config:
dataset_type = 'NuScenesDataset'
data_root = '/home/efs/users/mateusz/data/nuscenes/'
class_names = [
    'car',
    'truck',
    'trailer',
    'bus',
    'construction_vehicle',
    'bicycle',
    'motorcycle',
    'pedestrian',
    'traffic_cone',
    'barrier',
]
metainfo = dict(classes=[
    'car',
    'truck',
    'trailer',
    'bus',
    'construction_vehicle',
    'bicycle',
    'motorcycle',
    'pedestrian',
    'traffic_cone',
    'barrier',
])
input_modality = dict(use_lidar=False, use_camera=True)
backend_args = None
train_pipeline = [
    dict(type='LoadImageFromFileMono3D', backend_args=None),
    dict(
        type='LoadAnnotations3D',
        with_bbox=True,
        with_label=True,
        with_attr_label=True,
        with_bbox_3d=True,
        with_label_3d=True,
        with_bbox_depth=True),
    dict(type='mmdet.Resize', scale=(
        1600,
        900,
    ), keep_ratio=True),
    dict(type='RandomFlip3D', flip_ratio_bev_horizontal=0.5),
    dict(
        type='Pack3DDetInputs',
        keys=[
            'img',
            'gt_bboxes',
            'gt_bboxes_labels',
            'attr_labels',
            'gt_bboxes_3d',
            'gt_labels_3d',
            'centers_2d',
            'depths',
        ]),
]
test_pipeline = [
    dict(type='LoadImageFromFileMono3D', backend_args=None),
    dict(type='mmdet.Resize', scale_factor=1.0),
    dict(type='Pack3DDetInputs', keys=[
        'img',
    ]),
]
train_dataloader = dict(
    batch_size=2,
    num_workers=2,
    persistent_workers=True,
    sampler=dict(type='DefaultSampler', shuffle=True),
    dataset=dict(
        type='NuScenesDataset',
        data_root='/home/efs/users/mateusz/data/nuscenes/',
        data_prefix=dict(
            pts='',
            CAM_FRONT='samples/CAM_FRONT',
            CAM_FRONT_LEFT='samples/CAM_FRONT_LEFT',
            CAM_FRONT_RIGHT='samples/CAM_FRONT_RIGHT',
            CAM_BACK='samples/CAM_BACK',
            CAM_BACK_RIGHT='samples/CAM_BACK_RIGHT',
            CAM_BACK_LEFT='samples/CAM_BACK_LEFT'),
        ann_file='nuscenes_infos_train.pkl',
        load_type='mv_image_based',
        pipeline=[
            dict(type='LoadImageFromFileMono3D', backend_args=None),
            dict(
                type='LoadAnnotations3D',
                with_bbox=True,
                with_label=True,
                with_attr_label=True,
                with_bbox_3d=True,
                with_label_3d=True,
                with_bbox_depth=True),
            dict(type='mmdet.Resize', scale=(
                1600,
                900,
            ), keep_ratio=True),
            dict(type='RandomFlip3D', flip_ratio_bev_horizontal=0.5),
            dict(
                type='Pack3DDetInputs',
                keys=[
                    'img',
                    'gt_bboxes',
                    'gt_bboxes_labels',
                    'attr_labels',
                    'gt_bboxes_3d',
                    'gt_labels_3d',
                    'centers_2d',
                    'depths',
                ]),
        ],
        metainfo=dict(classes=[
            'car',
            'truck',
            'trailer',
            'bus',
            'construction_vehicle',
            'bicycle',
            'motorcycle',
            'pedestrian',
            'traffic_cone',
            'barrier',
        ]),
        modality=dict(use_lidar=False, use_camera=True),
        test_mode=False,
        box_type_3d='Camera',
        use_valid_flag=True,
        backend_args=None))
val_dataloader = dict(
    batch_size=1,
    num_workers=2,
    persistent_workers=True,
    drop_last=False,
    sampler=dict(type='DefaultSampler', shuffle=False),
    dataset=dict(
        type='NuScenesDataset',
        data_root='/home/efs/users/mateusz/data/nuscenes/',
        data_prefix=dict(
            pts='',
            CAM_FRONT='samples/CAM_FRONT',
            CAM_FRONT_LEFT='samples/CAM_FRONT_LEFT',
            CAM_FRONT_RIGHT='samples/CAM_FRONT_RIGHT',
            CAM_BACK='samples/CAM_BACK',
            CAM_BACK_RIGHT='samples/CAM_BACK_RIGHT',
            CAM_BACK_LEFT='samples/CAM_BACK_LEFT'),
        ann_file='nuscenes_infos_val.pkl',
        load_type='mv_image_based',
        pipeline=[
            dict(type='LoadImageFromFileMono3D', backend_args=None),
            dict(type='mmdet.Resize', scale_factor=1.0),
            dict(type='Pack3DDetInputs', keys=[
                'img',
            ]),
        ],
        modality=dict(use_lidar=False, use_camera=True),
        metainfo=dict(classes=[
            'car',
            'truck',
            'trailer',
            'bus',
            'construction_vehicle',
            'bicycle',
            'motorcycle',
            'pedestrian',
            'traffic_cone',
            'barrier',
        ]),
        test_mode=True,
        box_type_3d='Camera',
        use_valid_flag=True,
        backend_args=None))
test_dataloader = dict(
    batch_size=1,
    num_workers=2,
    persistent_workers=True,
    drop_last=False,
    sampler=dict(type='DefaultSampler', shuffle=False),
    dataset=dict(
        type='NuScenesDataset',
        data_root='/home/efs/users/mateusz/data/nuscenes/',
        data_prefix=dict(
            pts='',
            CAM_FRONT='samples/CAM_FRONT',
            CAM_FRONT_LEFT='samples/CAM_FRONT_LEFT',
            CAM_FRONT_RIGHT='samples/CAM_FRONT_RIGHT',
            CAM_BACK='samples/CAM_BACK',
            CAM_BACK_RIGHT='samples/CAM_BACK_RIGHT',
            CAM_BACK_LEFT='samples/CAM_BACK_LEFT'),
        ann_file='nuscenes_infos_val.pkl',
        load_type='mv_image_based',
        pipeline=[
            dict(type='LoadImageFromFileMono3D', backend_args=None),
            dict(type='mmdet.Resize', scale_factor=1.0),
            dict(type='Pack3DDetInputs', keys=[
                'img',
            ]),
        ],
        modality=dict(use_lidar=False, use_camera=True),
        metainfo=dict(classes=[
            'car',
            'truck',
            'trailer',
            'bus',
            'construction_vehicle',
            'bicycle',
            'motorcycle',
            'pedestrian',
            'traffic_cone',
            'barrier',
        ]),
        test_mode=True,
        box_type_3d='Camera',
        use_valid_flag=True,
        backend_args=None))
val_evaluator = dict(
    type='NuScenesMetric',
    data_root='/home/efs/users/mateusz/data/nuscenes/',
    ann_file='/home/efs/users/mateusz/data/nuscenes/nuscenes_infos_val.pkl',
    metric='bbox',
    backend_args=None)
test_evaluator = dict(
    type='NuScenesMetric',
    data_root='/home/efs/users/mateusz/data/nuscenes/',
    ann_file='/home/efs/users/mateusz/data/nuscenes/nuscenes_infos_val.pkl',
    metric='bbox',
    backend_args=None)
vis_backends = [
    dict(type='LocalVisBackend'),
]
visualizer = dict(
    type='Det3DLocalVisualizer',
    vis_backends=[
        dict(type='LocalVisBackend'),
    ],
    name='visualizer')
model = dict(
    type='FCOSMono3D',
    data_preprocessor=dict(
        type='Det3DDataPreprocessor',
        mean=[
            103.53,
            116.28,
            123.675,
        ],
        std=[
            1.0,
            1.0,
            1.0,
        ],
        bgr_to_rgb=False,
        pad_size_divisor=32),
    backbone=dict(
        type='mmdet.ResNet',
        depth=101,
        num_stages=4,
        out_indices=(
            0,
            1,
            2,
            3,
        ),
        frozen_stages=1,
        norm_cfg=dict(type='BN', requires_grad=False),
        norm_eval=True,
        style='caffe',
        init_cfg=None,
        dcn=dict(type='DCNv2', deform_groups=1, fallback_on_stride=False),
        stage_with_dcn=(
            False,
            False,
            True,
            True,
        )),
    neck=dict(
        type='mmdet.FPN',
        in_channels=[
            256,
            512,
            1024,
            2048,
        ],
        out_channels=256,
        start_level=1,
        add_extra_convs='on_output',
        num_outs=5,
        relu_before_extra_convs=True),
    bbox_head=dict(
        type='FCOSMono3DHead',
        num_classes=10,
        in_channels=256,
        stacked_convs=2,
        feat_channels=256,
        use_direction_classifier=True,
        diff_rad_by_sin=True,
        pred_attrs=True,
        pred_velo=True,
        dir_offset=0.7854,
        dir_limit_offset=0,
        strides=[
            8,
            16,
            32,
            64,
            128,
        ],
        group_reg_dims=(
            2,
            1,
            3,
            1,
            2,
        ),
        cls_branch=(256, ),
        reg_branch=(
            (256, ),
            (256, ),
            (256, ),
            (256, ),
            (),
        ),
        dir_branch=(256, ),
        attr_branch=(256, ),
        loss_cls=dict(
            type='mmdet.FocalLoss',
            use_sigmoid=True,
            gamma=2.0,
            alpha=0.25,
            loss_weight=1.0),
        loss_bbox=dict(
            type='mmdet.SmoothL1Loss',
            beta=0.1111111111111111,
            loss_weight=1.0),
        loss_dir=dict(
            type='mmdet.CrossEntropyLoss', use_sigmoid=False, loss_weight=1.0),
        loss_attr=dict(
            type='mmdet.CrossEntropyLoss', use_sigmoid=False, loss_weight=1.0),
        loss_centerness=dict(
            type='mmdet.CrossEntropyLoss', use_sigmoid=True, loss_weight=1.0),
        bbox_coder=dict(type='FCOS3DBBoxCoder', code_size=9),
        norm_on_bbox=True,
        centerness_on_reg=True,
        center_sampling=True,
        conv_bias=True,
        dcn_on_last_conv=True),
    train_cfg=dict(
        allowed_border=0,
        code_weight=[
            1.0,
            1.0,
            0.2,
            1.0,
            1.0,
            1.0,
            1.0,
            0.05,
            0.05,
        ],
        pos_weight=-1,
        debug=False),
    test_cfg=dict(
        use_rotate_nms=True,
        nms_across_levels=False,
        nms_pre=1000,
        nms_thr=0.8,
        score_thr=0.05,
        min_bbox_size=0,
        max_per_img=200))
train_cfg = dict(type='EpochBasedTrainLoop', max_epochs=12, val_interval=1)
val_cfg = dict(type='ValLoop')
test_cfg = dict(type='TestLoop')
param_scheduler = [
    dict(
        type='LinearLR',
        start_factor=0.3333333333333333,
        by_epoch=False,
        begin=0,
        end=500),
    dict(
        type='MultiStepLR',
        begin=0,
        end=12,
        by_epoch=True,
        milestones=[
            8,
            11,
        ],
        gamma=0.1),
]
optim_wrapper = dict(
    type='OptimWrapper',
    optimizer=dict(type='SGD', lr=0.002, momentum=0.9, weight_decay=0.0001),
    paramwise_cfg=dict(bias_lr_mult=2.0, bias_decay_mult=0.0),
    clip_grad=dict(max_norm=35, norm_type=2))
auto_scale_lr = dict(enable=False, base_batch_size=16)
default_scope = 'mmdet3d'
default_hooks = dict(
    timer=dict(type='IterTimerHook'),
    logger=dict(type='LoggerHook', interval=50),
    param_scheduler=dict(type='ParamSchedulerHook'),
    checkpoint=dict(type='CheckpointHook', interval=-1),
    sampler_seed=dict(type='DistSamplerSeedHook'),
    visualization=dict(type='Det3DVisualizationHook'))
env_cfg = dict(
    cudnn_benchmark=False,
    mp_cfg=dict(mp_start_method='fork', opencv_num_threads=0),
    dist_cfg=dict(backend='nccl'))
log_processor = dict(type='LogProcessor', window_size=50, by_epoch=True)
log_level = 'INFO'
load_from = None
resume = False
launcher = 'none'
work_dir = './work_dirs/fcos3d_r101-caffe-dcn_fpn_head-gn_8xb2-1x_nus-mono3d'

2023/07/21 14:44:57 - mmengine - INFO - Distributed training is not used, all SyncBatchNorm (SyncBN) layers in the model will be automatically reverted to BatchNormXd layers if they are used.
2023/07/21 14:44:57 - mmengine - INFO - Autoplay mode, press [SPACE] to pause.
2023/07/21 14:44:57 - mmengine - INFO - Hooks will be executed in the following order:
before_run:
(VERY_HIGH   ) RuntimeInfoHook                    
(BELOW_NORMAL) LoggerHook                         
 -------------------- 
before_train:
(VERY_HIGH   ) RuntimeInfoHook                    
(NORMAL      ) IterTimerHook                      
(VERY_LOW    ) CheckpointHook                     
 -------------------- 
before_train_epoch:
(VERY_HIGH   ) RuntimeInfoHook                    
(NORMAL      ) IterTimerHook                      
(NORMAL      ) DistSamplerSeedHook                
 -------------------- 
before_train_iter:
(VERY_HIGH   ) RuntimeInfoHook                    
(NORMAL      ) IterTimerHook                      
 -------------------- 
after_train_iter:
(VERY_HIGH   ) RuntimeInfoHook                    
(NORMAL      ) IterTimerHook                      
(BELOW_NORMAL) LoggerHook                         
(LOW         ) ParamSchedulerHook                 
(VERY_LOW    ) CheckpointHook                     
 -------------------- 
after_train_epoch:
(NORMAL      ) IterTimerHook                      
(LOW         ) ParamSchedulerHook                 
(VERY_LOW    ) CheckpointHook                     
 -------------------- 
before_val_epoch:
(NORMAL      ) IterTimerHook                      
 -------------------- 
before_val_iter:
(NORMAL      ) IterTimerHook                      
 -------------------- 
after_val_iter:
(NORMAL      ) IterTimerHook                      
(NORMAL      ) Det3DVisualizationHook             
(BELOW_NORMAL) LoggerHook                         
 -------------------- 
after_val_epoch:
(VERY_HIGH   ) RuntimeInfoHook                    
(NORMAL      ) IterTimerHook                      
(BELOW_NORMAL) LoggerHook                         
(LOW         ) ParamSchedulerHook                 
(VERY_LOW    ) CheckpointHook                     
 -------------------- 
after_train:
(VERY_LOW    ) CheckpointHook                     
 -------------------- 
before_test_epoch:
(NORMAL      ) IterTimerHook                      
 -------------------- 
before_test_iter:
(NORMAL      ) IterTimerHook                      
 -------------------- 
after_test_iter:
(NORMAL      ) IterTimerHook                      
(NORMAL      ) Det3DVisualizationHook             
(BELOW_NORMAL) LoggerHook                         
 -------------------- 
after_test_epoch:
(VERY_HIGH   ) RuntimeInfoHook                    
(NORMAL      ) IterTimerHook                      
(BELOW_NORMAL) LoggerHook                         
 -------------------- 
after_run:
(BELOW_NORMAL) LoggerHook                         
 -------------------- 
2023/07/21 14:47:54 - mmengine - INFO - ------------------------------
2023/07/21 14:47:54 - mmengine - INFO - The length of the dataset: 168780
2023/07/21 14:47:54 - mmengine - INFO - The number of instances per category in the dataset:
+----------------------+--------+
| category             | number |
+----------------------+--------+
| car                  | 517166 |
| truck                | 93259  |
| trailer              | 28466  |
| bus                  | 16671  |
| construction_vehicle | 15882  |
| bicycle              | 11154  |
| motorcycle           | 11777  |
| pedestrian           | 213239 |
| traffic_cone         | 91774  |
| barrier              | 150210 |
+----------------------+--------+
2023/07/21 14:47:54 - mmengine - INFO - paramwise_options -- neck.lateral_convs.0.conv.bias:lr=0.004
2023/07/21 14:47:54 - mmengine - INFO - paramwise_options -- neck.lateral_convs.0.conv.bias:weight_decay=0.0
2023/07/21 14:47:54 - mmengine - INFO - paramwise_options -- neck.lateral_convs.1.conv.bias:lr=0.004
2023/07/21 14:47:54 - mmengine - INFO - paramwise_options -- neck.lateral_convs.1.conv.bias:weight_decay=0.0
2023/07/21 14:47:54 - mmengine - INFO - paramwise_options -- neck.lateral_convs.2.conv.bias:lr=0.004
2023/07/21 14:47:54 - mmengine - INFO - paramwise_options -- neck.lateral_convs.2.conv.bias:weight_decay=0.0
2023/07/21 14:47:54 - mmengine - INFO - paramwise_options -- neck.fpn_convs.0.conv.bias:lr=0.004
2023/07/21 14:47:54 - mmengine - INFO - paramwise_options -- neck.fpn_convs.0.conv.bias:weight_decay=0.0
2023/07/21 14:47:54 - mmengine - INFO - paramwise_options -- neck.fpn_convs.1.conv.bias:lr=0.004
2023/07/21 14:47:54 - mmengine - INFO - paramwise_options -- neck.fpn_convs.1.conv.bias:weight_decay=0.0
2023/07/21 14:47:54 - mmengine - INFO - paramwise_options -- neck.fpn_convs.2.conv.bias:lr=0.004
2023/07/21 14:47:54 - mmengine - INFO - paramwise_options -- neck.fpn_convs.2.conv.bias:weight_decay=0.0
2023/07/21 14:47:54 - mmengine - INFO - paramwise_options -- neck.fpn_convs.3.conv.bias:lr=0.004
2023/07/21 14:47:54 - mmengine - INFO - paramwise_options -- neck.fpn_convs.3.conv.bias:weight_decay=0.0
2023/07/21 14:47:54 - mmengine - INFO - paramwise_options -- neck.fpn_convs.4.conv.bias:lr=0.004
2023/07/21 14:47:54 - mmengine - INFO - paramwise_options -- neck.fpn_convs.4.conv.bias:weight_decay=0.0
2023/07/21 14:47:54 - mmengine - INFO - paramwise_options -- bbox_head.cls_convs.0.conv.bias:lr=0.004
2023/07/21 14:47:54 - mmengine - INFO - paramwise_options -- bbox_head.cls_convs.0.conv.bias:weight_decay=0.0
2023/07/21 14:47:54 - mmengine - INFO - paramwise_options -- bbox_head.cls_convs.0.gn.bias:weight_decay=0.0
2023/07/21 14:47:54 - mmengine - INFO - paramwise_options -- bbox_head.cls_convs.1.conv.bias:lr=0.004
2023/07/21 14:47:54 - mmengine - INFO - paramwise_options -- bbox_head.cls_convs.1.conv.bias:weight_decay=0.0
2023/07/21 14:47:54 - mmengine - INFO - paramwise_options -- bbox_head.cls_convs.1.gn.bias:weight_decay=0.0
2023/07/21 14:47:54 - mmengine - INFO - paramwise_options -- bbox_head.reg_convs.0.conv.bias:lr=0.004
2023/07/21 14:47:54 - mmengine - INFO - paramwise_options -- bbox_head.reg_convs.0.conv.bias:weight_decay=0.0
2023/07/21 14:47:54 - mmengine - INFO - paramwise_options -- bbox_head.reg_convs.0.gn.bias:weight_decay=0.0
2023/07/21 14:47:54 - mmengine - INFO - paramwise_options -- bbox_head.reg_convs.1.conv.bias:lr=0.004
2023/07/21 14:47:54 - mmengine - INFO - paramwise_options -- bbox_head.reg_convs.1.conv.bias:weight_decay=0.0
2023/07/21 14:47:54 - mmengine - INFO - paramwise_options -- bbox_head.reg_convs.1.gn.bias:weight_decay=0.0
2023/07/21 14:47:54 - mmengine - INFO - paramwise_options -- bbox_head.conv_cls_prev.0.conv.bias:lr=0.004
2023/07/21 14:47:54 - mmengine - INFO - paramwise_options -- bbox_head.conv_cls_prev.0.conv.bias:weight_decay=0.0
2023/07/21 14:47:54 - mmengine - INFO - paramwise_options -- bbox_head.conv_cls_prev.0.gn.bias:weight_decay=0.0
2023/07/21 14:47:54 - mmengine - INFO - paramwise_options -- bbox_head.conv_cls.bias:lr=0.004
2023/07/21 14:47:54 - mmengine - INFO - paramwise_options -- bbox_head.conv_cls.bias:weight_decay=0.0
2023/07/21 14:47:54 - mmengine - INFO - paramwise_options -- bbox_head.conv_reg_prevs.0.0.conv.bias:lr=0.004
2023/07/21 14:47:54 - mmengine - INFO - paramwise_options -- bbox_head.conv_reg_prevs.0.0.conv.bias:weight_decay=0.0
2023/07/21 14:47:54 - mmengine - INFO - paramwise_options -- bbox_head.conv_reg_prevs.0.0.gn.bias:weight_decay=0.0
2023/07/21 14:47:54 - mmengine - INFO - paramwise_options -- bbox_head.conv_reg_prevs.1.0.conv.bias:lr=0.004
2023/07/21 14:47:54 - mmengine - INFO - paramwise_options -- bbox_head.conv_reg_prevs.1.0.conv.bias:weight_decay=0.0
2023/07/21 14:47:54 - mmengine - INFO - paramwise_options -- bbox_head.conv_reg_prevs.1.0.gn.bias:weight_decay=0.0
2023/07/21 14:47:54 - mmengine - INFO - paramwise_options -- bbox_head.conv_reg_prevs.2.0.conv.bias:lr=0.004
2023/07/21 14:47:54 - mmengine - INFO - paramwise_options -- bbox_head.conv_reg_prevs.2.0.conv.bias:weight_decay=0.0
2023/07/21 14:47:54 - mmengine - INFO - paramwise_options -- bbox_head.conv_reg_prevs.2.0.gn.bias:weight_decay=0.0
2023/07/21 14:47:54 - mmengine - INFO - paramwise_options -- bbox_head.conv_reg_prevs.3.0.conv.bias:lr=0.004
2023/07/21 14:47:54 - mmengine - INFO - paramwise_options -- bbox_head.conv_reg_prevs.3.0.conv.bias:weight_decay=0.0
2023/07/21 14:47:54 - mmengine - INFO - paramwise_options -- bbox_head.conv_reg_prevs.3.0.gn.bias:weight_decay=0.0
2023/07/21 14:47:54 - mmengine - INFO - paramwise_options -- bbox_head.conv_regs.0.bias:lr=0.004
2023/07/21 14:47:54 - mmengine - INFO - paramwise_options -- bbox_head.conv_regs.0.bias:weight_decay=0.0
2023/07/21 14:47:54 - mmengine - INFO - paramwise_options -- bbox_head.conv_regs.1.bias:lr=0.004
2023/07/21 14:47:54 - mmengine - INFO - paramwise_options -- bbox_head.conv_regs.1.bias:weight_decay=0.0
2023/07/21 14:47:54 - mmengine - INFO - paramwise_options -- bbox_head.conv_regs.2.bias:lr=0.004
2023/07/21 14:47:54 - mmengine - INFO - paramwise_options -- bbox_head.conv_regs.2.bias:weight_decay=0.0
2023/07/21 14:47:54 - mmengine - INFO - paramwise_options -- bbox_head.conv_regs.3.bias:lr=0.004
2023/07/21 14:47:54 - mmengine - INFO - paramwise_options -- bbox_head.conv_regs.3.bias:weight_decay=0.0
2023/07/21 14:47:54 - mmengine - INFO - paramwise_options -- bbox_head.conv_regs.4.bias:lr=0.004
2023/07/21 14:47:54 - mmengine - INFO - paramwise_options -- bbox_head.conv_regs.4.bias:weight_decay=0.0
2023/07/21 14:47:54 - mmengine - INFO - paramwise_options -- bbox_head.conv_dir_cls_prev.0.conv.bias:lr=0.004
2023/07/21 14:47:54 - mmengine - INFO - paramwise_options -- bbox_head.conv_dir_cls_prev.0.conv.bias:weight_decay=0.0
2023/07/21 14:47:54 - mmengine - INFO - paramwise_options -- bbox_head.conv_dir_cls_prev.0.gn.bias:weight_decay=0.0
2023/07/21 14:47:54 - mmengine - INFO - paramwise_options -- bbox_head.conv_dir_cls.bias:lr=0.004
2023/07/21 14:47:54 - mmengine - INFO - paramwise_options -- bbox_head.conv_dir_cls.bias:weight_decay=0.0
2023/07/21 14:47:54 - mmengine - INFO - paramwise_options -- bbox_head.conv_attr_prev.0.conv.bias:lr=0.004
2023/07/21 14:47:54 - mmengine - INFO - paramwise_options -- bbox_head.conv_attr_prev.0.conv.bias:weight_decay=0.0
2023/07/21 14:47:54 - mmengine - INFO - paramwise_options -- bbox_head.conv_attr_prev.0.gn.bias:weight_decay=0.0
2023/07/21 14:47:54 - mmengine - INFO - paramwise_options -- bbox_head.conv_attr.bias:lr=0.004
2023/07/21 14:47:54 - mmengine - INFO - paramwise_options -- bbox_head.conv_attr.bias:weight_decay=0.0
2023/07/21 14:47:54 - mmengine - INFO - paramwise_options -- bbox_head.conv_centerness_prev.0.conv.bias:lr=0.004
2023/07/21 14:47:54 - mmengine - INFO - paramwise_options -- bbox_head.conv_centerness_prev.0.conv.bias:weight_decay=0.0
2023/07/21 14:47:54 - mmengine - INFO - paramwise_options -- bbox_head.conv_centerness_prev.0.gn.bias:weight_decay=0.0
2023/07/21 14:47:54 - mmengine - INFO - paramwise_options -- bbox_head.conv_centerness.bias:lr=0.004
2023/07/21 14:47:54 - mmengine - INFO - paramwise_options -- bbox_head.conv_centerness.bias:weight_decay=0.0
2023/07/21 14:48:28 - mmengine - INFO - ------------------------------
2023/07/21 14:48:28 - mmengine - INFO - The length of the dataset: 36114
2023/07/21 14:48:28 - mmengine - INFO - The number of instances per category in the dataset:
+----------------------+--------+
| category             | number |
+----------------------+--------+
| car                  | 98972  |
| truck                | 20625  |
| trailer              | 5731   |
| bus                  | 3949   |
| construction_vehicle | 3489   |
| bicycle              | 2781   |
| motorcycle           | 2877   |
| pedestrian           | 39588  |
| traffic_cone         | 17544  |
| barrier              | 32067  |
+----------------------+--------+
Name of parameter - Initialization information

backbone.conv1.weight - torch.Size([64, 3, 7, 7]): 
KaimingInit: a=0, mode=fan_out, nonlinearity=relu, distribution =normal, bias=0 

backbone.bn1.weight - torch.Size([64]): 
The value is the same before and after calling `init_weights` of FCOSMono3D  

backbone.bn1.bias - torch.Size([64]): 
The value is the same before and after calling `init_weights` of FCOSMono3D  

backbone.layer1.0.conv1.weight - torch.Size([64, 64, 1, 1]): 
KaimingInit: a=0, mode=fan_out, nonlinearity=relu, distribution =normal, bias=0 

backbone.layer1.0.bn1.weight - torch.Size([64]): 
The value is the same before and after calling `init_weights` of FCOSMono3D  

backbone.layer1.0.bn1.bias - torch.Size([64]): 
The value is the same before and after calling `init_weights` of FCOSMono3D  

backbone.layer1.0.conv2.weight - torch.Size([64, 64, 3, 3]): 
KaimingInit: a=0, mode=fan_out, nonlinearity=relu, distribution =normal, bias=0 

backbone.layer1.0.bn2.weight - torch.Size([64]): 
The value is the same before and after calling `init_weights` of FCOSMono3D  

backbone.layer1.0.bn2.bias - torch.Size([64]): 
The value is the same before and after calling `init_weights` of FCOSMono3D  

backbone.layer1.0.conv3.weight - torch.Size([256, 64, 1, 1]): 
KaimingInit: a=0, mode=fan_out, nonlinearity=relu, distribution =normal, bias=0 

backbone.layer1.0.bn3.weight - torch.Size([256]): 
ConstantInit: val=0, bias=0 

backbone.layer1.0.bn3.bias - torch.Size([256]): 
The value is the same before and after calling `init_weights` of FCOSMono3D  

backbone.layer1.0.downsample.0.weight - torch.Size([256, 64, 1, 1]): 
KaimingInit: a=0, mode=fan_out, nonlinearity=relu, distribution =normal, bias=0 

backbone.layer1.0.downsample.1.weight - torch.Size([256]): 
The value is the same before and after calling `init_weights` of FCOSMono3D  

backbone.layer1.0.downsample.1.bias - torch.Size([256]): 
The value is the same before and after calling `init_weights` of FCOSMono3D  

backbone.layer1.1.conv1.weight - torch.Size([64, 256, 1, 1]): 
KaimingInit: a=0, mode=fan_out, nonlinearity=relu, distribution =normal, bias=0 

backbone.layer1.1.bn1.weight - torch.Size([64]): 
The value is the same before and after calling `init_weights` of FCOSMono3D  

backbone.layer1.1.bn1.bias - torch.Size([64]): 
The value is the same before and after calling `init_weights` of FCOSMono3D  

backbone.layer1.1.conv2.weight - torch.Size([64, 64, 3, 3]): 
KaimingInit: a=0, mode=fan_out, nonlinearity=relu, distribution =normal, bias=0 

backbone.layer1.1.bn2.weight - torch.Size([64]): 
The value is the same before and after calling `init_weights` of FCOSMono3D  

backbone.layer1.1.bn2.bias - torch.Size([64]): 
The value is the same before and after calling `init_weights` of FCOSMono3D  

backbone.layer1.1.conv3.weight - torch.Size([256, 64, 1, 1]): 
KaimingInit: a=0, mode=fan_out, nonlinearity=relu, distribution =normal, bias=0 

backbone.layer1.1.bn3.weight - torch.Size([256]): 
ConstantInit: val=0, bias=0 

backbone.layer1.1.bn3.bias - torch.Size([256]): 
The value is the same before and after calling `init_weights` of FCOSMono3D  

backbone.layer1.2.conv1.weight - torch.Size([64, 256, 1, 1]): 
KaimingInit: a=0, mode=fan_out, nonlinearity=relu, distribution =normal, bias=0 

backbone.layer1.2.bn1.weight - torch.Size([64]): 
The value is the same before and after calling `init_weights` of FCOSMono3D  

backbone.layer1.2.bn1.bias - torch.Size([64]): 
The value is the same before and after calling `init_weights` of FCOSMono3D  

backbone.layer1.2.conv2.weight - torch.Size([64, 64, 3, 3]): 
KaimingInit: a=0, mode=fan_out, nonlinearity=relu, distribution =normal, bias=0 

backbone.layer1.2.bn2.weight - torch.Size([64]): 
The value is the same before and after calling `init_weights` of FCOSMono3D  

backbone.layer1.2.bn2.bias - torch.Size([64]): 
The value is the same before and after calling `init_weights` of FCOSMono3D  

backbone.layer1.2.conv3.weight - torch.Size([256, 64, 1, 1]): 
KaimingInit: a=0, mode=fan_out, nonlinearity=relu, distribution =normal, bias=0 

backbone.layer1.2.bn3.weight - torch.Size([256]): 
ConstantInit: val=0, bias=0 

backbone.layer1.2.bn3.bias - torch.Size([256]): 
The value is the same before and after calling `init_weights` of FCOSMono3D  

backbone.layer2.0.conv1.weight - torch.Size([128, 256, 1, 1]): 
KaimingInit: a=0, mode=fan_out, nonlinearity=relu, distribution =normal, bias=0 

backbone.layer2.0.bn1.weight - torch.Size([128]): 
The value is the same before and after calling `init_weights` of FCOSMono3D  

backbone.layer2.0.bn1.bias - torch.Size([128]): 
The value is the same before and after calling `init_weights` of FCOSMono3D  

backbone.layer2.0.conv2.weight - torch.Size([128, 128, 3, 3]): 
KaimingInit: a=0, mode=fan_out, nonlinearity=relu, distribution =normal, bias=0 

backbone.layer2.0.bn2.weight - torch.Size([128]): 
The value is the same before and after calling `init_weights` of FCOSMono3D  

backbone.layer2.0.bn2.bias - torch.Size([128]): 
The value is the same before and after calling `init_weights` of FCOSMono3D  

backbone.layer2.0.conv3.weight - torch.Size([512, 128, 1, 1]): 
KaimingInit: a=0, mode=fan_out, nonlinearity=relu, distribution =normal, bias=0 

backbone.layer2.0.bn3.weight - torch.Size([512]): 
ConstantInit: val=0, bias=0 

backbone.layer2.0.bn3.bias - torch.Size([512]): 
The value is the same before and after calling `init_weights` of FCOSMono3D  

backbone.layer2.0.downsample.0.weight - torch.Size([512, 256, 1, 1]): 
KaimingInit: a=0, mode=fan_out, nonlinearity=relu, distribution =normal, bias=0 

backbone.layer2.0.downsample.1.weight - torch.Size([512]): 
The value is the same before and after calling `init_weights` of FCOSMono3D  

backbone.layer2.0.downsample.1.bias - torch.Size([512]): 
The value is the same before and after calling `init_weights` of FCOSMono3D  

backbone.layer2.1.conv1.weight - torch.Size([128, 512, 1, 1]): 
KaimingInit: a=0, mode=fan_out, nonlinearity=relu, distribution =normal, bias=0 

backbone.layer2.1.bn1.weight - torch.Size([128]): 
The value is the same before and after calling `init_weights` of FCOSMono3D  

backbone.layer2.1.bn1.bias - torch.Size([128]): 
The value is the same before and after calling `init_weights` of FCOSMono3D  

backbone.layer2.1.conv2.weight - torch.Size([128, 128, 3, 3]): 
KaimingInit: a=0, mode=fan_out, nonlinearity=relu, distribution =normal, bias=0 

backbone.layer2.1.bn2.weight - torch.Size([128]): 
The value is the same before and after calling `init_weights` of FCOSMono3D  

backbone.layer2.1.bn2.bias - torch.Size([128]): 
The value is the same before and after calling `init_weights` of FCOSMono3D  

backbone.layer2.1.conv3.weight - torch.Size([512, 128, 1, 1]): 
KaimingInit: a=0, mode=fan_out, nonlinearity=relu, distribution =normal, bias=0 

backbone.layer2.1.bn3.weight - torch.Size([512]): 
ConstantInit: val=0, bias=0 

backbone.layer2.1.bn3.bias - torch.Size([512]): 
The value is the same before and after calling `init_weights` of FCOSMono3D  

backbone.layer2.2.conv1.weight - torch.Size([128, 512, 1, 1]): 
KaimingInit: a=0, mode=fan_out, nonlinearity=relu, distribution =normal, bias=0 

backbone.layer2.2.bn1.weight - torch.Size([128]): 
The value is the same before and after calling `init_weights` of FCOSMono3D  

backbone.layer2.2.bn1.bias - torch.Size([128]): 
The value is the same before and after calling `init_weights` of FCOSMono3D  

backbone.layer2.2.conv2.weight - torch.Size([128, 128, 3, 3]): 
KaimingInit: a=0, mode=fan_out, nonlinearity=relu, distribution =normal, bias=0 

backbone.layer2.2.bn2.weight - torch.Size([128]): 
The value is the same before and after calling `init_weights` of FCOSMono3D  

backbone.layer2.2.bn2.bias - torch.Size([128]): 
The value is the same before and after calling `init_weights` of FCOSMono3D  

backbone.layer2.2.conv3.weight - torch.Size([512, 128, 1, 1]): 
KaimingInit: a=0, mode=fan_out, nonlinearity=relu, distribution =normal, bias=0 

backbone.layer2.2.bn3.weight - torch.Size([512]): 
ConstantInit: val=0, bias=0 

backbone.layer2.2.bn3.bias - torch.Size([512]): 
The value is the same before and after calling `init_weights` of FCOSMono3D  

backbone.layer2.3.conv1.weight - torch.Size([128, 512, 1, 1]): 
KaimingInit: a=0, mode=fan_out, nonlinearity=relu, distribution =normal, bias=0 

backbone.layer2.3.bn1.weight - torch.Size([128]): 
The value is the same before and after calling `init_weights` of FCOSMono3D  

backbone.layer2.3.bn1.bias - torch.Size([128]): 
The value is the same before and after calling `init_weights` of FCOSMono3D  

backbone.layer2.3.conv2.weight - torch.Size([128, 128, 3, 3]): 
KaimingInit: a=0, mode=fan_out, nonlinearity=relu, distribution =normal, bias=0 

backbone.layer2.3.bn2.weight - torch.Size([128]): 
The value is the same before and after calling `init_weights` of FCOSMono3D  

backbone.layer2.3.bn2.bias - torch.Size([128]): 
The value is the same before and after calling `init_weights` of FCOSMono3D  

backbone.layer2.3.conv3.weight - torch.Size([512, 128, 1, 1]): 
KaimingInit: a=0, mode=fan_out, nonlinearity=relu, distribution =normal, bias=0 

backbone.layer2.3.bn3.weight - torch.Size([512]): 
ConstantInit: val=0, bias=0 

backbone.layer2.3.bn3.bias - torch.Size([512]): 
The value is the same before and after calling `init_weights` of FCOSMono3D  

backbone.layer3.0.conv1.weight - torch.Size([256, 512, 1, 1]): 
KaimingInit: a=0, mode=fan_out, nonlinearity=relu, distribution =normal, bias=0 

backbone.layer3.0.bn1.weight - torch.Size([256]): 
The value is the same before and after calling `init_weights` of FCOSMono3D  

backbone.layer3.0.bn1.bias - torch.Size([256]): 
The value is the same before and after calling `init_weights` of FCOSMono3D  

backbone.layer3.0.conv2.weight - torch.Size([256, 256, 3, 3]): 
Initialized by user-defined `init_weights` in ModulatedDeformConv2dPack  

backbone.layer3.0.conv2.conv_offset.weight - torch.Size([27, 256, 3, 3]): 
Initialized by user-defined `init_weights` in ModulatedDeformConv2dPack  

backbone.layer3.0.conv2.conv_offset.bias - torch.Size([27]): 
The value is the same before and after calling `init_weights` of FCOSMono3D  

backbone.layer3.0.bn2.weight - torch.Size([256]): 
The value is the same before and after calling `init_weights` of FCOSMono3D  

backbone.layer3.0.bn2.bias - torch.Size([256]): 
The value is the same before and after calling `init_weights` of FCOSMono3D  

backbone.layer3.0.conv3.weight - torch.Size([1024, 256, 1, 1]): 
KaimingInit: a=0, mode=fan_out, nonlinearity=relu, distribution =normal, bias=0 

backbone.layer3.0.bn3.weight - torch.Size([1024]): 
ConstantInit: val=0, bias=0 

backbone.layer3.0.bn3.bias - torch.Size([1024]): 
The value is the same before and after calling `init_weights` of FCOSMono3D  

backbone.layer3.0.downsample.0.weight - torch.Size([1024, 512, 1, 1]): 
KaimingInit: a=0, mode=fan_out, nonlinearity=relu, distribution =normal, bias=0 

backbone.layer3.0.downsample.1.weight - torch.Size([1024]): 
The value is the same before and after calling `init_weights` of FCOSMono3D  

backbone.layer3.0.downsample.1.bias - torch.Size([1024]): 
The value is the same before and after calling `init_weights` of FCOSMono3D  

backbone.layer3.1.conv1.weight - torch.Size([256, 1024, 1, 1]): 
KaimingInit: a=0, mode=fan_out, nonlinearity=relu, distribution =normal, bias=0 

backbone.layer3.1.bn1.weight - torch.Size([256]): 
The value is the same before and after calling `init_weights` of FCOSMono3D  

backbone.layer3.1.bn1.bias - torch.Size([256]): 
The value is the same before and after calling `init_weights` of FCOSMono3D  

backbone.layer3.1.conv2.weight - torch.Size([256, 256, 3, 3]): 
Initialized by user-defined `init_weights` in ModulatedDeformConv2dPack  

backbone.layer3.1.conv2.conv_offset.weight - torch.Size([27, 256, 3, 3]): 
Initialized by user-defined `init_weights` in ModulatedDeformConv2dPack  

backbone.layer3.1.conv2.conv_offset.bias - torch.Size([27]): 
The value is the same before and after calling `init_weights` of FCOSMono3D  

backbone.layer3.1.bn2.weight - torch.Size([256]): 
The value is the same before and after calling `init_weights` of FCOSMono3D  

backbone.layer3.1.bn2.bias - torch.Size([256]): 
The value is the same before and after calling `init_weights` of FCOSMono3D  

backbone.layer3.1.conv3.weight - torch.Size([1024, 256, 1, 1]): 
KaimingInit: a=0, mode=fan_out, nonlinearity=relu, distribution =normal, bias=0 

backbone.layer3.1.bn3.weight - torch.Size([1024]): 
ConstantInit: val=0, bias=0 

backbone.layer3.1.bn3.bias - torch.Size([1024]): 
The value is the same before and after calling `init_weights` of FCOSMono3D  

backbone.layer3.2.conv1.weight - torch.Size([256, 1024, 1, 1]): 
KaimingInit: a=0, mode=fan_out, nonlinearity=relu, distribution =normal, bias=0 

backbone.layer3.2.bn1.weight - torch.Size([256]): 
The value is the same before and after calling `init_weights` of FCOSMono3D  

backbone.layer3.2.bn1.bias - torch.Size([256]): 
The value is the same before and after calling `init_weights` of FCOSMono3D  

backbone.layer3.2.conv2.weight - torch.Size([256, 256, 3, 3]): 
Initialized by user-defined `init_weights` in ModulatedDeformConv2dPack  

backbone.layer3.2.conv2.conv_offset.weight - torch.Size([27, 256, 3, 3]): 
Initialized by user-defined `init_weights` in ModulatedDeformConv2dPack  

backbone.layer3.2.conv2.conv_offset.bias - torch.Size([27]): 
The value is the same before and after calling `init_weights` of FCOSMono3D  

backbone.layer3.2.bn2.weight - torch.Size([256]): 
The value is the same before and after calling `init_weights` of FCOSMono3D  

backbone.layer3.2.bn2.bias - torch.Size([256]): 
The value is the same before and after calling `init_weights` of FCOSMono3D  

backbone.layer3.2.conv3.weight - torch.Size([1024, 256, 1, 1]): 
KaimingInit: a=0, mode=fan_out, nonlinearity=relu, distribution =normal, bias=0 

backbone.layer3.2.bn3.weight - torch.Size([1024]): 
ConstantInit: val=0, bias=0 

backbone.layer3.2.bn3.bias - torch.Size([1024]): 
The value is the same before and after calling `init_weights` of FCOSMono3D  

backbone.layer3.3.conv1.weight - torch.Size([256, 1024, 1, 1]): 
KaimingInit: a=0, mode=fan_out, nonlinearity=relu, distribution =normal, bias=0 

backbone.layer3.3.bn1.weight - torch.Size([256]): 
The value is the same before and after calling `init_weights` of FCOSMono3D  

backbone.layer3.3.bn1.bias - torch.Size([256]): 
The value is the same before and after calling `init_weights` of FCOSMono3D  

backbone.layer3.3.conv2.weight - torch.Size([256, 256, 3, 3]): 
Initialized by user-defined `init_weights` in ModulatedDeformConv2dPack  

backbone.layer3.3.conv2.conv_offset.weight - torch.Size([27, 256, 3, 3]): 
Initialized by user-defined `init_weights` in ModulatedDeformConv2dPack  

backbone.layer3.3.conv2.conv_offset.bias - torch.Size([27]): 
The value is the same before and after calling `init_weights` of FCOSMono3D  

backbone.layer3.3.bn2.weight - torch.Size([256]): 
The value is the same before and after calling `init_weights` of FCOSMono3D  

backbone.layer3.3.bn2.bias - torch.Size([256]): 
The value is the same before and after calling `init_weights` of FCOSMono3D  

backbone.layer3.3.conv3.weight - torch.Size([1024, 256, 1, 1]): 
KaimingInit: a=0, mode=fan_out, nonlinearity=relu, distribution =normal, bias=0 

backbone.layer3.3.bn3.weight - torch.Size([1024]): 
ConstantInit: val=0, bias=0 

backbone.layer3.3.bn3.bias - torch.Size([1024]): 
The value is the same before and after calling `init_weights` of FCOSMono3D  

backbone.layer3.4.conv1.weight - torch.Size([256, 1024, 1, 1]): 
KaimingInit: a=0, mode=fan_out, nonlinearity=relu, distribution =normal, bias=0 

backbone.layer3.4.bn1.weight - torch.Size([256]): 
The value is the same before and after calling `init_weights` of FCOSMono3D  

backbone.layer3.4.bn1.bias - torch.Size([256]): 
The value is the same before and after calling `init_weights` of FCOSMono3D  

backbone.layer3.4.conv2.weight - torch.Size([256, 256, 3, 3]): 
Initialized by user-defined `init_weights` in ModulatedDeformConv2dPack  

backbone.layer3.4.conv2.conv_offset.weight - torch.Size([27, 256, 3, 3]): 
Initialized by user-defined `init_weights` in ModulatedDeformConv2dPack  

backbone.layer3.4.conv2.conv_offset.bias - torch.Size([27]): 
The value is the same before and after calling `init_weights` of FCOSMono3D  

backbone.layer3.4.bn2.weight - torch.Size([256]): 
The value is the same before and after calling `init_weights` of FCOSMono3D  

backbone.layer3.4.bn2.bias - torch.Size([256]): 
The value is the same before and after calling `init_weights` of FCOSMono3D  

backbone.layer3.4.conv3.weight - torch.Size([1024, 256, 1, 1]): 
KaimingInit: a=0, mode=fan_out, nonlinearity=relu, distribution =normal, bias=0 

backbone.layer3.4.bn3.weight - torch.Size([1024]): 
ConstantInit: val=0, bias=0 

backbone.layer3.4.bn3.bias - torch.Size([1024]): 
The value is the same before and after calling `init_weights` of FCOSMono3D  

backbone.layer3.5.conv1.weight - torch.Size([256, 1024, 1, 1]): 
KaimingInit: a=0, mode=fan_out, nonlinearity=relu, distribution =normal, bias=0 

backbone.layer3.5.bn1.weight - torch.Size([256]): 
The value is the same before and after calling `init_weights` of FCOSMono3D  

backbone.layer3.5.bn1.bias - torch.Size([256]): 
The value is the same before and after calling `init_weights` of FCOSMono3D  

backbone.layer3.5.conv2.weight - torch.Size([256, 256, 3, 3]): 
Initialized by user-defined `init_weights` in ModulatedDeformConv2dPack  

backbone.layer3.5.conv2.conv_offset.weight - torch.Size([27, 256, 3, 3]): 
Initialized by user-defined `init_weights` in ModulatedDeformConv2dPack  

backbone.layer3.5.conv2.conv_offset.bias - torch.Size([27]): 
The value is the same before and after calling `init_weights` of FCOSMono3D  

backbone.layer3.5.bn2.weight - torch.Size([256]): 
The value is the same before and after calling `init_weights` of FCOSMono3D  

backbone.layer3.5.bn2.bias - torch.Size([256]): 
The value is the same before and after calling `init_weights` of FCOSMono3D  

backbone.layer3.5.conv3.weight - torch.Size([1024, 256, 1, 1]): 
KaimingInit: a=0, mode=fan_out, nonlinearity=relu, distribution =normal, bias=0 

backbone.layer3.5.bn3.weight - torch.Size([1024]): 
ConstantInit: val=0, bias=0 

backbone.layer3.5.bn3.bias - torch.Size([1024]): 
The value is the same before and after calling `init_weights` of FCOSMono3D  

backbone.layer3.6.conv1.weight - torch.Size([256, 1024, 1, 1]): 
KaimingInit: a=0, mode=fan_out, nonlinearity=relu, distribution =normal, bias=0 

backbone.layer3.6.bn1.weight - torch.Size([256]): 
The value is the same before and after calling `init_weights` of FCOSMono3D  

backbone.layer3.6.bn1.bias - torch.Size([256]): 
The value is the same before and after calling `init_weights` of FCOSMono3D  

backbone.layer3.6.conv2.weight - torch.Size([256, 256, 3, 3]): 
Initialized by user-defined `init_weights` in ModulatedDeformConv2dPack  

backbone.layer3.6.conv2.conv_offset.weight - torch.Size([27, 256, 3, 3]): 
Initialized by user-defined `init_weights` in ModulatedDeformConv2dPack  

backbone.layer3.6.conv2.conv_offset.bias - torch.Size([27]): 
The value is the same before and after calling `init_weights` of FCOSMono3D  

backbone.layer3.6.bn2.weight - torch.Size([256]): 
The value is the same before and after calling `init_weights` of FCOSMono3D  

backbone.layer3.6.bn2.bias - torch.Size([256]): 
The value is the same before and after calling `init_weights` of FCOSMono3D  

backbone.layer3.6.conv3.weight - torch.Size([1024, 256, 1, 1]): 
KaimingInit: a=0, mode=fan_out, nonlinearity=relu, distribution =normal, bias=0 

backbone.layer3.6.bn3.weight - torch.Size([1024]): 
ConstantInit: val=0, bias=0 

backbone.layer3.6.bn3.bias - torch.Size([1024]): 
The value is the same before and after calling `init_weights` of FCOSMono3D  

backbone.layer3.7.conv1.weight - torch.Size([256, 1024, 1, 1]): 
KaimingInit: a=0, mode=fan_out, nonlinearity=relu, distribution =normal, bias=0 

backbone.layer3.7.bn1.weight - torch.Size([256]): 
The value is the same before and after calling `init_weights` of FCOSMono3D  

backbone.layer3.7.bn1.bias - torch.Size([256]): 
The value is the same before and after calling `init_weights` of FCOSMono3D  

backbone.layer3.7.conv2.weight - torch.Size([256, 256, 3, 3]): 
Initialized by user-defined `init_weights` in ModulatedDeformConv2dPack  

backbone.layer3.7.conv2.conv_offset.weight - torch.Size([27, 256, 3, 3]): 
Initialized by user-defined `init_weights` in ModulatedDeformConv2dPack  

backbone.layer3.7.conv2.conv_offset.bias - torch.Size([27]): 
The value is the same before and after calling `init_weights` of FCOSMono3D  

backbone.layer3.7.bn2.weight - torch.Size([256]): 
The value is the same before and after calling `init_weights` of FCOSMono3D  

backbone.layer3.7.bn2.bias - torch.Size([256]): 
The value is the same before and after calling `init_weights` of FCOSMono3D  

backbone.layer3.7.conv3.weight - torch.Size([1024, 256, 1, 1]): 
KaimingInit: a=0, mode=fan_out, nonlinearity=relu, distribution =normal, bias=0 

backbone.layer3.7.bn3.weight - torch.Size([1024]): 
ConstantInit: val=0, bias=0 

backbone.layer3.7.bn3.bias - torch.Size([1024]): 
The value is the same before and after calling `init_weights` of FCOSMono3D  

backbone.layer3.8.conv1.weight - torch.Size([256, 1024, 1, 1]): 
KaimingInit: a=0, mode=fan_out, nonlinearity=relu, distribution =normal, bias=0 

backbone.layer3.8.bn1.weight - torch.Size([256]): 
The value is the same before and after calling `init_weights` of FCOSMono3D  

backbone.layer3.8.bn1.bias - torch.Size([256]): 
The value is the same before and after calling `init_weights` of FCOSMono3D  

backbone.layer3.8.conv2.weight - torch.Size([256, 256, 3, 3]): 
Initialized by user-defined `init_weights` in ModulatedDeformConv2dPack  

backbone.layer3.8.conv2.conv_offset.weight - torch.Size([27, 256, 3, 3]): 
Initialized by user-defined `init_weights` in ModulatedDeformConv2dPack  

backbone.layer3.8.conv2.conv_offset.bias - torch.Size([27]): 
The value is the same before and after calling `init_weights` of FCOSMono3D  

backbone.layer3.8.bn2.weight - torch.Size([256]): 
The value is the same before and after calling `init_weights` of FCOSMono3D  

backbone.layer3.8.bn2.bias - torch.Size([256]): 
The value is the same before and after calling `init_weights` of FCOSMono3D  

backbone.layer3.8.conv3.weight - torch.Size([1024, 256, 1, 1]): 
KaimingInit: a=0, mode=fan_out, nonlinearity=relu, distribution =normal, bias=0 

backbone.layer3.8.bn3.weight - torch.Size([1024]): 
ConstantInit: val=0, bias=0 

backbone.layer3.8.bn3.bias - torch.Size([1024]): 
The value is the same before and after calling `init_weights` of FCOSMono3D  

backbone.layer3.9.conv1.weight - torch.Size([256, 1024, 1, 1]): 
KaimingInit: a=0, mode=fan_out, nonlinearity=relu, distribution =normal, bias=0 

backbone.layer3.9.bn1.weight - torch.Size([256]): 
The value is the same before and after calling `init_weights` of FCOSMono3D  

backbone.layer3.9.bn1.bias - torch.Size([256]): 
The value is the same before and after calling `init_weights` of FCOSMono3D  

backbone.layer3.9.conv2.weight - torch.Size([256, 256, 3, 3]): 
Initialized by user-defined `init_weights` in ModulatedDeformConv2dPack  

backbone.layer3.9.conv2.conv_offset.weight - torch.Size([27, 256, 3, 3]): 
Initialized by user-defined `init_weights` in ModulatedDeformConv2dPack  

backbone.layer3.9.conv2.conv_offset.bias - torch.Size([27]): 
The value is the same before and after calling `init_weights` of FCOSMono3D  

backbone.layer3.9.bn2.weight - torch.Size([256]): 
The value is the same before and after calling `init_weights` of FCOSMono3D  

backbone.layer3.9.bn2.bias - torch.Size([256]): 
The value is the same before and after calling `init_weights` of FCOSMono3D  

backbone.layer3.9.conv3.weight - torch.Size([1024, 256, 1, 1]): 
KaimingInit: a=0, mode=fan_out, nonlinearity=relu, distribution =normal, bias=0 

backbone.layer3.9.bn3.weight - torch.Size([1024]): 
ConstantInit: val=0, bias=0 

backbone.layer3.9.bn3.bias - torch.Size([1024]): 
The value is the same before and after calling `init_weights` of FCOSMono3D  

backbone.layer3.10.conv1.weight - torch.Size([256, 1024, 1, 1]): 
KaimingInit: a=0, mode=fan_out, nonlinearity=relu, distribution =normal, bias=0 

backbone.layer3.10.bn1.weight - torch.Size([256]): 
The value is the same before and after calling `init_weights` of FCOSMono3D  

backbone.layer3.10.bn1.bias - torch.Size([256]): 
The value is the same before and after calling `init_weights` of FCOSMono3D  

backbone.layer3.10.conv2.weight - torch.Size([256, 256, 3, 3]): 
Initialized by user-defined `init_weights` in ModulatedDeformConv2dPack  

backbone.layer3.10.conv2.conv_offset.weight - torch.Size([27, 256, 3, 3]): 
Initialized by user-defined `init_weights` in ModulatedDeformConv2dPack  

backbone.layer3.10.conv2.conv_offset.bias - torch.Size([27]): 
The value is the same before and after calling `init_weights` of FCOSMono3D  

backbone.layer3.10.bn2.weight - torch.Size([256]): 
The value is the same before and after calling `init_weights` of FCOSMono3D  

backbone.layer3.10.bn2.bias - torch.Size([256]): 
The value is the same before and after calling `init_weights` of FCOSMono3D  

backbone.layer3.10.conv3.weight - torch.Size([1024, 256, 1, 1]): 
KaimingInit: a=0, mode=fan_out, nonlinearity=relu, distribution =normal, bias=0 

backbone.layer3.10.bn3.weight - torch.Size([1024]): 
ConstantInit: val=0, bias=0 

backbone.layer3.10.bn3.bias - torch.Size([1024]): 
The value is the same before and after calling `init_weights` of FCOSMono3D  

backbone.layer3.11.conv1.weight - torch.Size([256, 1024, 1, 1]): 
KaimingInit: a=0, mode=fan_out, nonlinearity=relu, distribution =normal, bias=0 

backbone.layer3.11.bn1.weight - torch.Size([256]): 
The value is the same before and after calling `init_weights` of FCOSMono3D  

backbone.layer3.11.bn1.bias - torch.Size([256]): 
The value is the same before and after calling `init_weights` of FCOSMono3D  

backbone.layer3.11.conv2.weight - torch.Size([256, 256, 3, 3]): 
Initialized by user-defined `init_weights` in ModulatedDeformConv2dPack  

backbone.layer3.11.conv2.conv_offset.weight - torch.Size([27, 256, 3, 3]): 
Initialized by user-defined `init_weights` in ModulatedDeformConv2dPack  

backbone.layer3.11.conv2.conv_offset.bias - torch.Size([27]): 
The value is the same before and after calling `init_weights` of FCOSMono3D  

backbone.layer3.11.bn2.weight - torch.Size([256]): 
The value is the same before and after calling `init_weights` of FCOSMono3D  

backbone.layer3.11.bn2.bias - torch.Size([256]): 
The value is the same before and after calling `init_weights` of FCOSMono3D  

backbone.layer3.11.conv3.weight - torch.Size([1024, 256, 1, 1]): 
KaimingInit: a=0, mode=fan_out, nonlinearity=relu, distribution =normal, bias=0 

backbone.layer3.11.bn3.weight - torch.Size([1024]): 
ConstantInit: val=0, bias=0 

backbone.layer3.11.bn3.bias - torch.Size([1024]): 
The value is the same before and after calling `init_weights` of FCOSMono3D  

backbone.layer3.12.conv1.weight - torch.Size([256, 1024, 1, 1]): 
KaimingInit: a=0, mode=fan_out, nonlinearity=relu, distribution =normal, bias=0 

backbone.layer3.12.bn1.weight - torch.Size([256]): 
The value is the same before and after calling `init_weights` of FCOSMono3D  

backbone.layer3.12.bn1.bias - torch.Size([256]): 
The value is the same before and after calling `init_weights` of FCOSMono3D  

backbone.layer3.12.conv2.weight - torch.Size([256, 256, 3, 3]): 
Initialized by user-defined `init_weights` in ModulatedDeformConv2dPack  

backbone.layer3.12.conv2.conv_offset.weight - torch.Size([27, 256, 3, 3]): 
Initialized by user-defined `init_weights` in ModulatedDeformConv2dPack  

backbone.layer3.12.conv2.conv_offset.bias - torch.Size([27]): 
The value is the same before and after calling `init_weights` of FCOSMono3D  

backbone.layer3.12.bn2.weight - torch.Size([256]): 
The value is the same before and after calling `init_weights` of FCOSMono3D  

backbone.layer3.12.bn2.bias - torch.Size([256]): 
The value is the same before and after calling `init_weights` of FCOSMono3D  

backbone.layer3.12.conv3.weight - torch.Size([1024, 256, 1, 1]): 
KaimingInit: a=0, mode=fan_out, nonlinearity=relu, distribution =normal, bias=0 

backbone.layer3.12.bn3.weight - torch.Size([1024]): 
ConstantInit: val=0, bias=0 

backbone.layer3.12.bn3.bias - torch.Size([1024]): 
The value is the same before and after calling `init_weights` of FCOSMono3D  

backbone.layer3.13.conv1.weight - torch.Size([256, 1024, 1, 1]): 
KaimingInit: a=0, mode=fan_out, nonlinearity=relu, distribution =normal, bias=0 

backbone.layer3.13.bn1.weight - torch.Size([256]): 
The value is the same before and after calling `init_weights` of FCOSMono3D  

backbone.layer3.13.bn1.bias - torch.Size([256]): 
The value is the same before and after calling `init_weights` of FCOSMono3D  

backbone.layer3.13.conv2.weight - torch.Size([256, 256, 3, 3]): 
Initialized by user-defined `init_weights` in ModulatedDeformConv2dPack  

backbone.layer3.13.conv2.conv_offset.weight - torch.Size([27, 256, 3, 3]): 
Initialized by user-defined `init_weights` in ModulatedDeformConv2dPack  

backbone.layer3.13.conv2.conv_offset.bias - torch.Size([27]): 
The value is the same before and after calling `init_weights` of FCOSMono3D  

backbone.layer3.13.bn2.weight - torch.Size([256]): 
The value is the same before and after calling `init_weights` of FCOSMono3D  

backbone.layer3.13.bn2.bias - torch.Size([256]): 
The value is the same before and after calling `init_weights` of FCOSMono3D  

backbone.layer3.13.conv3.weight - torch.Size([1024, 256, 1, 1]): 
KaimingInit: a=0, mode=fan_out, nonlinearity=relu, distribution =normal, bias=0 

backbone.layer3.13.bn3.weight - torch.Size([1024]): 
ConstantInit: val=0, bias=0 

backbone.layer3.13.bn3.bias - torch.Size([1024]): 
The value is the same before and after calling `init_weights` of FCOSMono3D  

backbone.layer3.14.conv1.weight - torch.Size([256, 1024, 1, 1]): 
KaimingInit: a=0, mode=fan_out, nonlinearity=relu, distribution =normal, bias=0 

backbone.layer3.14.bn1.weight - torch.Size([256]): 
The value is the same before and after calling `init_weights` of FCOSMono3D  

backbone.layer3.14.bn1.bias - torch.Size([256]): 
The value is the same before and after calling `init_weights` of FCOSMono3D  

backbone.layer3.14.conv2.weight - torch.Size([256, 256, 3, 3]): 
Initialized by user-defined `init_weights` in ModulatedDeformConv2dPack  

backbone.layer3.14.conv2.conv_offset.weight - torch.Size([27, 256, 3, 3]): 
Initialized by user-defined `init_weights` in ModulatedDeformConv2dPack  

backbone.layer3.14.conv2.conv_offset.bias - torch.Size([27]): 
The value is the same before and after calling `init_weights` of FCOSMono3D  

backbone.layer3.14.bn2.weight - torch.Size([256]): 
The value is the same before and after calling `init_weights` of FCOSMono3D  

backbone.layer3.14.bn2.bias - torch.Size([256]): 
The value is the same before and after calling `init_weights` of FCOSMono3D  

backbone.layer3.14.conv3.weight - torch.Size([1024, 256, 1, 1]): 
KaimingInit: a=0, mode=fan_out, nonlinearity=relu, distribution =normal, bias=0 

backbone.layer3.14.bn3.weight - torch.Size([1024]): 
ConstantInit: val=0, bias=0 

backbone.layer3.14.bn3.bias - torch.Size([1024]): 
The value is the same before and after calling `init_weights` of FCOSMono3D  

backbone.layer3.15.conv1.weight - torch.Size([256, 1024, 1, 1]): 
KaimingInit: a=0, mode=fan_out, nonlinearity=relu, distribution =normal, bias=0 

backbone.layer3.15.bn1.weight - torch.Size([256]): 
The value is the same before and after calling `init_weights` of FCOSMono3D  

backbone.layer3.15.bn1.bias - torch.Size([256]): 
The value is the same before and after calling `init_weights` of FCOSMono3D  

backbone.layer3.15.conv2.weight - torch.Size([256, 256, 3, 3]): 
Initialized by user-defined `init_weights` in ModulatedDeformConv2dPack  

backbone.layer3.15.conv2.conv_offset.weight - torch.Size([27, 256, 3, 3]): 
Initialized by user-defined `init_weights` in ModulatedDeformConv2dPack  

backbone.layer3.15.conv2.conv_offset.bias - torch.Size([27]): 
The value is the same before and after calling `init_weights` of FCOSMono3D  

backbone.layer3.15.bn2.weight - torch.Size([256]): 
The value is the same before and after calling `init_weights` of FCOSMono3D  

backbone.layer3.15.bn2.bias - torch.Size([256]): 
The value is the same before and after calling `init_weights` of FCOSMono3D  

backbone.layer3.15.conv3.weight - torch.Size([1024, 256, 1, 1]): 
KaimingInit: a=0, mode=fan_out, nonlinearity=relu, distribution =normal, bias=0 

backbone.layer3.15.bn3.weight - torch.Size([1024]): 
ConstantInit: val=0, bias=0 

backbone.layer3.15.bn3.bias - torch.Size([1024]): 
The value is the same before and after calling `init_weights` of FCOSMono3D  

backbone.layer3.16.conv1.weight - torch.Size([256, 1024, 1, 1]): 
KaimingInit: a=0, mode=fan_out, nonlinearity=relu, distribution =normal, bias=0 

backbone.layer3.16.bn1.weight - torch.Size([256]): 
The value is the same before and after calling `init_weights` of FCOSMono3D  

backbone.layer3.16.bn1.bias - torch.Size([256]): 
The value is the same before and after calling `init_weights` of FCOSMono3D  

backbone.layer3.16.conv2.weight - torch.Size([256, 256, 3, 3]): 
Initialized by user-defined `init_weights` in ModulatedDeformConv2dPack  

backbone.layer3.16.conv2.conv_offset.weight - torch.Size([27, 256, 3, 3]): 
Initialized by user-defined `init_weights` in ModulatedDeformConv2dPack  

backbone.layer3.16.conv2.conv_offset.bias - torch.Size([27]): 
The value is the same before and after calling `init_weights` of FCOSMono3D  

backbone.layer3.16.bn2.weight - torch.Size([256]): 
The value is the same before and after calling `init_weights` of FCOSMono3D  

backbone.layer3.16.bn2.bias - torch.Size([256]): 
The value is the same before and after calling `init_weights` of FCOSMono3D  

backbone.layer3.16.conv3.weight - torch.Size([1024, 256, 1, 1]): 
KaimingInit: a=0, mode=fan_out, nonlinearity=relu, distribution =normal, bias=0 

backbone.layer3.16.bn3.weight - torch.Size([1024]): 
ConstantInit: val=0, bias=0 

backbone.layer3.16.bn3.bias - torch.Size([1024]): 
The value is the same before and after calling `init_weights` of FCOSMono3D  

backbone.layer3.17.conv1.weight - torch.Size([256, 1024, 1, 1]): 
KaimingInit: a=0, mode=fan_out, nonlinearity=relu, distribution =normal, bias=0 

backbone.layer3.17.bn1.weight - torch.Size([256]): 
The value is the same before and after calling `init_weights` of FCOSMono3D  

backbone.layer3.17.bn1.bias - torch.Size([256]): 
The value is the same before and after calling `init_weights` of FCOSMono3D  

backbone.layer3.17.conv2.weight - torch.Size([256, 256, 3, 3]): 
Initialized by user-defined `init_weights` in ModulatedDeformConv2dPack  

backbone.layer3.17.conv2.conv_offset.weight - torch.Size([27, 256, 3, 3]): 
Initialized by user-defined `init_weights` in ModulatedDeformConv2dPack  

backbone.layer3.17.conv2.conv_offset.bias - torch.Size([27]): 
The value is the same before and after calling `init_weights` of FCOSMono3D  

backbone.layer3.17.bn2.weight - torch.Size([256]): 
The value is the same before and after calling `init_weights` of FCOSMono3D  

backbone.layer3.17.bn2.bias - torch.Size([256]): 
The value is the same before and after calling `init_weights` of FCOSMono3D  

backbone.layer3.17.conv3.weight - torch.Size([1024, 256, 1, 1]): 
KaimingInit: a=0, mode=fan_out, nonlinearity=relu, distribution =normal, bias=0 

backbone.layer3.17.bn3.weight - torch.Size([1024]): 
ConstantInit: val=0, bias=0 

backbone.layer3.17.bn3.bias - torch.Size([1024]): 
The value is the same before and after calling `init_weights` of FCOSMono3D  

backbone.layer3.18.conv1.weight - torch.Size([256, 1024, 1, 1]): 
KaimingInit: a=0, mode=fan_out, nonlinearity=relu, distribution =normal, bias=0 

backbone.layer3.18.bn1.weight - torch.Size([256]): 
The value is the same before and after calling `init_weights` of FCOSMono3D  

backbone.layer3.18.bn1.bias - torch.Size([256]): 
The value is the same before and after calling `init_weights` of FCOSMono3D  

backbone.layer3.18.conv2.weight - torch.Size([256, 256, 3, 3]): 
Initialized by user-defined `init_weights` in ModulatedDeformConv2dPack  

backbone.layer3.18.conv2.conv_offset.weight - torch.Size([27, 256, 3, 3]): 
Initialized by user-defined `init_weights` in ModulatedDeformConv2dPack  

backbone.layer3.18.conv2.conv_offset.bias - torch.Size([27]): 
The value is the same before and after calling `init_weights` of FCOSMono3D  

backbone.layer3.18.bn2.weight - torch.Size([256]): 
The value is the same before and after calling `init_weights` of FCOSMono3D  

backbone.layer3.18.bn2.bias - torch.Size([256]): 
The value is the same before and after calling `init_weights` of FCOSMono3D  

backbone.layer3.18.conv3.weight - torch.Size([1024, 256, 1, 1]): 
KaimingInit: a=0, mode=fan_out, nonlinearity=relu, distribution =normal, bias=0 

backbone.layer3.18.bn3.weight - torch.Size([1024]): 
ConstantInit: val=0, bias=0 

backbone.layer3.18.bn3.bias - torch.Size([1024]): 
The value is the same before and after calling `init_weights` of FCOSMono3D  

backbone.layer3.19.conv1.weight - torch.Size([256, 1024, 1, 1]): 
KaimingInit: a=0, mode=fan_out, nonlinearity=relu, distribution =normal, bias=0 

backbone.layer3.19.bn1.weight - torch.Size([256]): 
The value is the same before and after calling `init_weights` of FCOSMono3D  

backbone.layer3.19.bn1.bias - torch.Size([256]): 
The value is the same before and after calling `init_weights` of FCOSMono3D  

backbone.layer3.19.conv2.weight - torch.Size([256, 256, 3, 3]): 
Initialized by user-defined `init_weights` in ModulatedDeformConv2dPack  

backbone.layer3.19.conv2.conv_offset.weight - torch.Size([27, 256, 3, 3]): 
Initialized by user-defined `init_weights` in ModulatedDeformConv2dPack  

backbone.layer3.19.conv2.conv_offset.bias - torch.Size([27]): 
The value is the same before and after calling `init_weights` of FCOSMono3D  

backbone.layer3.19.bn2.weight - torch.Size([256]): 
The value is the same before and after calling `init_weights` of FCOSMono3D  

backbone.layer3.19.bn2.bias - torch.Size([256]): 
The value is the same before and after calling `init_weights` of FCOSMono3D  

backbone.layer3.19.conv3.weight - torch.Size([1024, 256, 1, 1]): 
KaimingInit: a=0, mode=fan_out, nonlinearity=relu, distribution =normal, bias=0 

backbone.layer3.19.bn3.weight - torch.Size([1024]): 
ConstantInit: val=0, bias=0 

backbone.layer3.19.bn3.bias - torch.Size([1024]): 
The value is the same before and after calling `init_weights` of FCOSMono3D  

backbone.layer3.20.conv1.weight - torch.Size([256, 1024, 1, 1]): 
KaimingInit: a=0, mode=fan_out, nonlinearity=relu, distribution =normal, bias=0 

backbone.layer3.20.bn1.weight - torch.Size([256]): 
The value is the same before and after calling `init_weights` of FCOSMono3D  

backbone.layer3.20.bn1.bias - torch.Size([256]): 
The value is the same before and after calling `init_weights` of FCOSMono3D  

backbone.layer3.20.conv2.weight - torch.Size([256, 256, 3, 3]): 
Initialized by user-defined `init_weights` in ModulatedDeformConv2dPack  

backbone.layer3.20.conv2.conv_offset.weight - torch.Size([27, 256, 3, 3]): 
Initialized by user-defined `init_weights` in ModulatedDeformConv2dPack  

backbone.layer3.20.conv2.conv_offset.bias - torch.Size([27]): 
The value is the same before and after calling `init_weights` of FCOSMono3D  

backbone.layer3.20.bn2.weight - torch.Size([256]): 
The value is the same before and after calling `init_weights` of FCOSMono3D  

backbone.layer3.20.bn2.bias - torch.Size([256]): 
The value is the same before and after calling `init_weights` of FCOSMono3D  

backbone.layer3.20.conv3.weight - torch.Size([1024, 256, 1, 1]): 
KaimingInit: a=0, mode=fan_out, nonlinearity=relu, distribution =normal, bias=0 

backbone.layer3.20.bn3.weight - torch.Size([1024]): 
ConstantInit: val=0, bias=0 

backbone.layer3.20.bn3.bias - torch.Size([1024]): 
The value is the same before and after calling `init_weights` of FCOSMono3D  

backbone.layer3.21.conv1.weight - torch.Size([256, 1024, 1, 1]): 
KaimingInit: a=0, mode=fan_out, nonlinearity=relu, distribution =normal, bias=0 

backbone.layer3.21.bn1.weight - torch.Size([256]): 
The value is the same before and after calling `init_weights` of FCOSMono3D  

backbone.layer3.21.bn1.bias - torch.Size([256]): 
The value is the same before and after calling `init_weights` of FCOSMono3D  

backbone.layer3.21.conv2.weight - torch.Size([256, 256, 3, 3]): 
Initialized by user-defined `init_weights` in ModulatedDeformConv2dPack  

backbone.layer3.21.conv2.conv_offset.weight - torch.Size([27, 256, 3, 3]): 
Initialized by user-defined `init_weights` in ModulatedDeformConv2dPack  

backbone.layer3.21.conv2.conv_offset.bias - torch.Size([27]): 
The value is the same before and after calling `init_weights` of FCOSMono3D  

backbone.layer3.21.bn2.weight - torch.Size([256]): 
The value is the same before and after calling `init_weights` of FCOSMono3D  

backbone.layer3.21.bn2.bias - torch.Size([256]): 
The value is the same before and after calling `init_weights` of FCOSMono3D  

backbone.layer3.21.conv3.weight - torch.Size([1024, 256, 1, 1]): 
KaimingInit: a=0, mode=fan_out, nonlinearity=relu, distribution =normal, bias=0 

backbone.layer3.21.bn3.weight - torch.Size([1024]): 
ConstantInit: val=0, bias=0 

backbone.layer3.21.bn3.bias - torch.Size([1024]): 
The value is the same before and after calling `init_weights` of FCOSMono3D  

backbone.layer3.22.conv1.weight - torch.Size([256, 1024, 1, 1]): 
KaimingInit: a=0, mode=fan_out, nonlinearity=relu, distribution =normal, bias=0 

backbone.layer3.22.bn1.weight - torch.Size([256]): 
The value is the same before and after calling `init_weights` of FCOSMono3D  

backbone.layer3.22.bn1.bias - torch.Size([256]): 
The value is the same before and after calling `init_weights` of FCOSMono3D  

backbone.layer3.22.conv2.weight - torch.Size([256, 256, 3, 3]): 
Initialized by user-defined `init_weights` in ModulatedDeformConv2dPack  

backbone.layer3.22.conv2.conv_offset.weight - torch.Size([27, 256, 3, 3]): 
Initialized by user-defined `init_weights` in ModulatedDeformConv2dPack  

backbone.layer3.22.conv2.conv_offset.bias - torch.Size([27]): 
The value is the same before and after calling `init_weights` of FCOSMono3D  

backbone.layer3.22.bn2.weight - torch.Size([256]): 
The value is the same before and after calling `init_weights` of FCOSMono3D  

backbone.layer3.22.bn2.bias - torch.Size([256]): 
The value is the same before and after calling `init_weights` of FCOSMono3D  

backbone.layer3.22.conv3.weight - torch.Size([1024, 256, 1, 1]): 
KaimingInit: a=0, mode=fan_out, nonlinearity=relu, distribution =normal, bias=0 

backbone.layer3.22.bn3.weight - torch.Size([1024]): 
ConstantInit: val=0, bias=0 

backbone.layer3.22.bn3.bias - torch.Size([1024]): 
The value is the same before and after calling `init_weights` of FCOSMono3D  

backbone.layer4.0.conv1.weight - torch.Size([512, 1024, 1, 1]): 
KaimingInit: a=0, mode=fan_out, nonlinearity=relu, distribution =normal, bias=0 

backbone.layer4.0.bn1.weight - torch.Size([512]): 
The value is the same before and after calling `init_weights` of FCOSMono3D  

backbone.layer4.0.bn1.bias - torch.Size([512]): 
The value is the same before and after calling `init_weights` of FCOSMono3D  

backbone.layer4.0.conv2.weight - torch.Size([512, 512, 3, 3]): 
Initialized by user-defined `init_weights` in ModulatedDeformConv2dPack  

backbone.layer4.0.conv2.conv_offset.weight - torch.Size([27, 512, 3, 3]): 
Initialized by user-defined `init_weights` in ModulatedDeformConv2dPack  

backbone.layer4.0.conv2.conv_offset.bias - torch.Size([27]): 
The value is the same before and after calling `init_weights` of FCOSMono3D  

backbone.layer4.0.bn2.weight - torch.Size([512]): 
The value is the same before and after calling `init_weights` of FCOSMono3D  

backbone.layer4.0.bn2.bias - torch.Size([512]): 
The value is the same before and after calling `init_weights` of FCOSMono3D  

backbone.layer4.0.conv3.weight - torch.Size([2048, 512, 1, 1]): 
KaimingInit: a=0, mode=fan_out, nonlinearity=relu, distribution =normal, bias=0 

backbone.layer4.0.bn3.weight - torch.Size([2048]): 
ConstantInit: val=0, bias=0 

backbone.layer4.0.bn3.bias - torch.Size([2048]): 
The value is the same before and after calling `init_weights` of FCOSMono3D  

backbone.layer4.0.downsample.0.weight - torch.Size([2048, 1024, 1, 1]): 
KaimingInit: a=0, mode=fan_out, nonlinearity=relu, distribution =normal, bias=0 

backbone.layer4.0.downsample.1.weight - torch.Size([2048]): 
The value is the same before and after calling `init_weights` of FCOSMono3D  

backbone.layer4.0.downsample.1.bias - torch.Size([2048]): 
The value is the same before and after calling `init_weights` of FCOSMono3D  

backbone.layer4.1.conv1.weight - torch.Size([512, 2048, 1, 1]): 
KaimingInit: a=0, mode=fan_out, nonlinearity=relu, distribution =normal, bias=0 

backbone.layer4.1.bn1.weight - torch.Size([512]): 
The value is the same before and after calling `init_weights` of FCOSMono3D  

backbone.layer4.1.bn1.bias - torch.Size([512]): 
The value is the same before and after calling `init_weights` of FCOSMono3D  

backbone.layer4.1.conv2.weight - torch.Size([512, 512, 3, 3]): 
Initialized by user-defined `init_weights` in ModulatedDeformConv2dPack  

backbone.layer4.1.conv2.conv_offset.weight - torch.Size([27, 512, 3, 3]): 
Initialized by user-defined `init_weights` in ModulatedDeformConv2dPack  

backbone.layer4.1.conv2.conv_offset.bias - torch.Size([27]): 
The value is the same before and after calling `init_weights` of FCOSMono3D  

backbone.layer4.1.bn2.weight - torch.Size([512]): 
The value is the same before and after calling `init_weights` of FCOSMono3D  

backbone.layer4.1.bn2.bias - torch.Size([512]): 
The value is the same before and after calling `init_weights` of FCOSMono3D  

backbone.layer4.1.conv3.weight - torch.Size([2048, 512, 1, 1]): 
KaimingInit: a=0, mode=fan_out, nonlinearity=relu, distribution =normal, bias=0 

backbone.layer4.1.bn3.weight - torch.Size([2048]): 
ConstantInit: val=0, bias=0 

backbone.layer4.1.bn3.bias - torch.Size([2048]): 
The value is the same before and after calling `init_weights` of FCOSMono3D  

backbone.layer4.2.conv1.weight - torch.Size([512, 2048, 1, 1]): 
KaimingInit: a=0, mode=fan_out, nonlinearity=relu, distribution =normal, bias=0 

backbone.layer4.2.bn1.weight - torch.Size([512]): 
The value is the same before and after calling `init_weights` of FCOSMono3D  

backbone.layer4.2.bn1.bias - torch.Size([512]): 
The value is the same before and after calling `init_weights` of FCOSMono3D  

backbone.layer4.2.conv2.weight - torch.Size([512, 512, 3, 3]): 
Initialized by user-defined `init_weights` in ModulatedDeformConv2dPack  

backbone.layer4.2.conv2.conv_offset.weight - torch.Size([27, 512, 3, 3]): 
Initialized by user-defined `init_weights` in ModulatedDeformConv2dPack  

backbone.layer4.2.conv2.conv_offset.bias - torch.Size([27]): 
The value is the same before and after calling `init_weights` of FCOSMono3D  

backbone.layer4.2.bn2.weight - torch.Size([512]): 
The value is the same before and after calling `init_weights` of FCOSMono3D  

backbone.layer4.2.bn2.bias - torch.Size([512]): 
The value is the same before and after calling `init_weights` of FCOSMono3D  

backbone.layer4.2.conv3.weight - torch.Size([2048, 512, 1, 1]): 
KaimingInit: a=0, mode=fan_out, nonlinearity=relu, distribution =normal, bias=0 

backbone.layer4.2.bn3.weight - torch.Size([2048]): 
ConstantInit: val=0, bias=0 

backbone.layer4.2.bn3.bias - torch.Size([2048]): 
The value is the same before and after calling `init_weights` of FCOSMono3D  

neck.lateral_convs.0.conv.weight - torch.Size([256, 512, 1, 1]): 
XavierInit: gain=1, distribution=uniform, bias=0 

neck.lateral_convs.0.conv.bias - torch.Size([256]): 
The value is the same before and after calling `init_weights` of FCOSMono3D  

neck.lateral_convs.1.conv.weight - torch.Size([256, 1024, 1, 1]): 
XavierInit: gain=1, distribution=uniform, bias=0 

neck.lateral_convs.1.conv.bias - torch.Size([256]): 
The value is the same before and after calling `init_weights` of FCOSMono3D  

neck.lateral_convs.2.conv.weight - torch.Size([256, 2048, 1, 1]): 
XavierInit: gain=1, distribution=uniform, bias=0 

neck.lateral_convs.2.conv.bias - torch.Size([256]): 
The value is the same before and after calling `init_weights` of FCOSMono3D  

neck.fpn_convs.0.conv.weight - torch.Size([256, 256, 3, 3]): 
XavierInit: gain=1, distribution=uniform, bias=0 

neck.fpn_convs.0.conv.bias - torch.Size([256]): 
The value is the same before and after calling `init_weights` of FCOSMono3D  

neck.fpn_convs.1.conv.weight - torch.Size([256, 256, 3, 3]): 
XavierInit: gain=1, distribution=uniform, bias=0 

neck.fpn_convs.1.conv.bias - torch.Size([256]): 
The value is the same before and after calling `init_weights` of FCOSMono3D  

neck.fpn_convs.2.conv.weight - torch.Size([256, 256, 3, 3]): 
XavierInit: gain=1, distribution=uniform, bias=0 

neck.fpn_convs.2.conv.bias - torch.Size([256]): 
The value is the same before and after calling `init_weights` of FCOSMono3D  

neck.fpn_convs.3.conv.weight - torch.Size([256, 256, 3, 3]): 
XavierInit: gain=1, distribution=uniform, bias=0 

neck.fpn_convs.3.conv.bias - torch.Size([256]): 
The value is the same before and after calling `init_weights` of FCOSMono3D  

neck.fpn_convs.4.conv.weight - torch.Size([256, 256, 3, 3]): 
XavierInit: gain=1, distribution=uniform, bias=0 

neck.fpn_convs.4.conv.bias - torch.Size([256]): 
The value is the same before and after calling `init_weights` of FCOSMono3D  

bbox_head.cls_convs.0.conv.weight - torch.Size([256, 256, 3, 3]): 
Initialized by user-defined `init_weights` in FCOSMono3DHead  

bbox_head.cls_convs.0.conv.bias - torch.Size([256]): 
The value is the same before and after calling `init_weights` of FCOSMono3D  

bbox_head.cls_convs.0.gn.weight - torch.Size([256]): 
The value is the same before and after calling `init_weights` of FCOSMono3D  

bbox_head.cls_convs.0.gn.bias - torch.Size([256]): 
The value is the same before and after calling `init_weights` of FCOSMono3D  

bbox_head.cls_convs.1.conv.weight - torch.Size([256, 256, 3, 3]): 
The value is the same before and after calling `init_weights` of FCOSMono3D  

bbox_head.cls_convs.1.conv.bias - torch.Size([256]): 
The value is the same before and after calling `init_weights` of FCOSMono3D  

bbox_head.cls_convs.1.conv.conv_offset.weight - torch.Size([27, 256, 3, 3]): 
The value is the same before and after calling `init_weights` of FCOSMono3D  

bbox_head.cls_convs.1.conv.conv_offset.bias - torch.Size([27]): 
The value is the same before and after calling `init_weights` of FCOSMono3D  

bbox_head.cls_convs.1.gn.weight - torch.Size([256]): 
The value is the same before and after calling `init_weights` of FCOSMono3D  

bbox_head.cls_convs.1.gn.bias - torch.Size([256]): 
The value is the same before and after calling `init_weights` of FCOSMono3D  

bbox_head.reg_convs.0.conv.weight - torch.Size([256, 256, 3, 3]): 
Initialized by user-defined `init_weights` in FCOSMono3DHead  

bbox_head.reg_convs.0.conv.bias - torch.Size([256]): 
The value is the same before and after calling `init_weights` of FCOSMono3D  

bbox_head.reg_convs.0.gn.weight - torch.Size([256]): 
The value is the same before and after calling `init_weights` of FCOSMono3D  

bbox_head.reg_convs.0.gn.bias - torch.Size([256]): 
The value is the same before and after calling `init_weights` of FCOSMono3D  

bbox_head.reg_convs.1.conv.weight - torch.Size([256, 256, 3, 3]): 
The value is the same before and after calling `init_weights` of FCOSMono3D  

bbox_head.reg_convs.1.conv.bias - torch.Size([256]): 
The value is the same before and after calling `init_weights` of FCOSMono3D  

bbox_head.reg_convs.1.conv.conv_offset.weight - torch.Size([27, 256, 3, 3]): 
The value is the same before and after calling `init_weights` of FCOSMono3D  

bbox_head.reg_convs.1.conv.conv_offset.bias - torch.Size([27]): 
The value is the same before and after calling `init_weights` of FCOSMono3D  

bbox_head.reg_convs.1.gn.weight - torch.Size([256]): 
The value is the same before and after calling `init_weights` of FCOSMono3D  

bbox_head.reg_convs.1.gn.bias - torch.Size([256]): 
The value is the same before and after calling `init_weights` of FCOSMono3D  

bbox_head.conv_cls_prev.0.conv.weight - torch.Size([256, 256, 3, 3]): 
Initialized by user-defined `init_weights` in FCOSMono3DHead  

bbox_head.conv_cls_prev.0.conv.bias - torch.Size([256]): 
The value is the same before and after calling `init_weights` of FCOSMono3D  

bbox_head.conv_cls_prev.0.gn.weight - torch.Size([256]): 
The value is the same before and after calling `init_weights` of FCOSMono3D  

bbox_head.conv_cls_prev.0.gn.bias - torch.Size([256]): 
The value is the same before and after calling `init_weights` of FCOSMono3D  

bbox_head.conv_cls.weight - torch.Size([10, 256, 1, 1]): 
Initialized by user-defined `init_weights` in FCOSMono3DHead  

bbox_head.conv_cls.bias - torch.Size([10]): 
Initialized by user-defined `init_weights` in FCOSMono3DHead  

bbox_head.conv_reg_prevs.0.0.conv.weight - torch.Size([256, 256, 3, 3]): 
Initialized by user-defined `init_weights` in FCOSMono3DHead  

bbox_head.conv_reg_prevs.0.0.conv.bias - torch.Size([256]): 
The value is the same before and after calling `init_weights` of FCOSMono3D  

bbox_head.conv_reg_prevs.0.0.gn.weight - torch.Size([256]): 
The value is the same before and after calling `init_weights` of FCOSMono3D  

bbox_head.conv_reg_prevs.0.0.gn.bias - torch.Size([256]): 
The value is the same before and after calling `init_weights` of FCOSMono3D  

bbox_head.conv_reg_prevs.1.0.conv.weight - torch.Size([256, 256, 3, 3]): 
Initialized by user-defined `init_weights` in FCOSMono3DHead  

bbox_head.conv_reg_prevs.1.0.conv.bias - torch.Size([256]): 
The value is the same before and after calling `init_weights` of FCOSMono3D  

bbox_head.conv_reg_prevs.1.0.gn.weight - torch.Size([256]): 
The value is the same before and after calling `init_weights` of FCOSMono3D  

bbox_head.conv_reg_prevs.1.0.gn.bias - torch.Size([256]): 
The value is the same before and after calling `init_weights` of FCOSMono3D  

bbox_head.conv_reg_prevs.2.0.conv.weight - torch.Size([256, 256, 3, 3]): 
Initialized by user-defined `init_weights` in FCOSMono3DHead  

bbox_head.conv_reg_prevs.2.0.conv.bias - torch.Size([256]): 
The value is the same before and after calling `init_weights` of FCOSMono3D  

bbox_head.conv_reg_prevs.2.0.gn.weight - torch.Size([256]): 
The value is the same before and after calling `init_weights` of FCOSMono3D  

bbox_head.conv_reg_prevs.2.0.gn.bias - torch.Size([256]): 
The value is the same before and after calling `init_weights` of FCOSMono3D  

bbox_head.conv_reg_prevs.3.0.conv.weight - torch.Size([256, 256, 3, 3]): 
Initialized by user-defined `init_weights` in FCOSMono3DHead  

bbox_head.conv_reg_prevs.3.0.conv.bias - torch.Size([256]): 
The value is the same before and after calling `init_weights` of FCOSMono3D  

bbox_head.conv_reg_prevs.3.0.gn.weight - torch.Size([256]): 
The value is the same before and after calling `init_weights` of FCOSMono3D  

bbox_head.conv_reg_prevs.3.0.gn.bias - torch.Size([256]): 
The value is the same before and after calling `init_weights` of FCOSMono3D  

bbox_head.conv_regs.0.weight - torch.Size([2, 256, 1, 1]): 
Initialized by user-defined `init_weights` in FCOSMono3DHead  

bbox_head.conv_regs.0.bias - torch.Size([2]): 
Initialized by user-defined `init_weights` in FCOSMono3DHead  

bbox_head.conv_regs.1.weight - torch.Size([1, 256, 1, 1]): 
Initialized by user-defined `init_weights` in FCOSMono3DHead  

bbox_head.conv_regs.1.bias - torch.Size([1]): 
Initialized by user-defined `init_weights` in FCOSMono3DHead  

bbox_head.conv_regs.2.weight - torch.Size([3, 256, 1, 1]): 
Initialized by user-defined `init_weights` in FCOSMono3DHead  

bbox_head.conv_regs.2.bias - torch.Size([3]): 
Initialized by user-defined `init_weights` in FCOSMono3DHead  

bbox_head.conv_regs.3.weight - torch.Size([1, 256, 1, 1]): 
Initialized by user-defined `init_weights` in FCOSMono3DHead  

bbox_head.conv_regs.3.bias - torch.Size([1]): 
Initialized by user-defined `init_weights` in FCOSMono3DHead  

bbox_head.conv_regs.4.weight - torch.Size([2, 256, 1, 1]): 
Initialized by user-defined `init_weights` in FCOSMono3DHead  

bbox_head.conv_regs.4.bias - torch.Size([2]): 
Initialized by user-defined `init_weights` in FCOSMono3DHead  

bbox_head.conv_dir_cls_prev.0.conv.weight - torch.Size([256, 256, 3, 3]): 
Initialized by user-defined `init_weights` in FCOSMono3DHead  

bbox_head.conv_dir_cls_prev.0.conv.bias - torch.Size([256]): 
The value is the same before and after calling `init_weights` of FCOSMono3D  

bbox_head.conv_dir_cls_prev.0.gn.weight - torch.Size([256]): 
The value is the same before and after calling `init_weights` of FCOSMono3D  

bbox_head.conv_dir_cls_prev.0.gn.bias - torch.Size([256]): 
The value is the same before and after calling `init_weights` of FCOSMono3D  

bbox_head.conv_dir_cls.weight - torch.Size([2, 256, 1, 1]): 
Initialized by user-defined `init_weights` in FCOSMono3DHead  

bbox_head.conv_dir_cls.bias - torch.Size([2]): 
Initialized by user-defined `init_weights` in FCOSMono3DHead  

bbox_head.conv_attr_prev.0.conv.weight - torch.Size([256, 256, 3, 3]): 
Initialized by user-defined `init_weights` in FCOSMono3DHead  

bbox_head.conv_attr_prev.0.conv.bias - torch.Size([256]): 
The value is the same before and after calling `init_weights` of FCOSMono3D  

bbox_head.conv_attr_prev.0.gn.weight - torch.Size([256]): 
The value is the same before and after calling `init_weights` of FCOSMono3D  

bbox_head.conv_attr_prev.0.gn.bias - torch.Size([256]): 
The value is the same before and after calling `init_weights` of FCOSMono3D  

bbox_head.conv_attr.weight - torch.Size([9, 256, 1, 1]): 
Initialized by user-defined `init_weights` in FCOSMono3DHead  

bbox_head.conv_attr.bias - torch.Size([9]): 
Initialized by user-defined `init_weights` in FCOSMono3DHead  

bbox_head.conv_centerness_prev.0.conv.weight - torch.Size([64, 256, 3, 3]): 
Initialized by user-defined `init_weights` in FCOSMono3DHead  

bbox_head.conv_centerness_prev.0.conv.bias - torch.Size([64]): 
The value is the same before and after calling `init_weights` of FCOSMono3D  

bbox_head.conv_centerness_prev.0.gn.weight - torch.Size([64]): 
The value is the same before and after calling `init_weights` of FCOSMono3D  

bbox_head.conv_centerness_prev.0.gn.bias - torch.Size([64]): 
The value is the same before and after calling `init_weights` of FCOSMono3D  

bbox_head.conv_centerness.weight - torch.Size([1, 64, 1, 1]): 
Initialized by user-defined `init_weights` in FCOSMono3DHead  

bbox_head.conv_centerness.bias - torch.Size([1]): 
Initialized by user-defined `init_weights` in FCOSMono3DHead  

bbox_head.scales.0.0.scale - torch.Size([]): 
The value is the same before and after calling `init_weights` of FCOSMono3D  

bbox_head.scales.0.1.scale - torch.Size([]): 
The value is the same before and after calling `init_weights` of FCOSMono3D  

bbox_head.scales.0.2.scale - torch.Size([]): 
The value is the same before and after calling `init_weights` of FCOSMono3D  

bbox_head.scales.1.0.scale - torch.Size([]): 
The value is the same before and after calling `init_weights` of FCOSMono3D  

bbox_head.scales.1.1.scale - torch.Size([]): 
The value is the same before and after calling `init_weights` of FCOSMono3D  

bbox_head.scales.1.2.scale - torch.Size([]): 
The value is the same before and after calling `init_weights` of FCOSMono3D  

bbox_head.scales.2.0.scale - torch.Size([]): 
The value is the same before and after calling `init_weights` of FCOSMono3D  

bbox_head.scales.2.1.scale - torch.Size([]): 
The value is the same before and after calling `init_weights` of FCOSMono3D  

bbox_head.scales.2.2.scale - torch.Size([]): 
The value is the same before and after calling `init_weights` of FCOSMono3D  

bbox_head.scales.3.0.scale - torch.Size([]): 
The value is the same before and after calling `init_weights` of FCOSMono3D  

bbox_head.scales.3.1.scale - torch.Size([]): 
The value is the same before and after calling `init_weights` of FCOSMono3D  

bbox_head.scales.3.2.scale - torch.Size([]): 
The value is the same before and after calling `init_weights` of FCOSMono3D  

bbox_head.scales.4.0.scale - torch.Size([]): 
The value is the same before and after calling `init_weights` of FCOSMono3D  

bbox_head.scales.4.1.scale - torch.Size([]): 
The value is the same before and after calling `init_weights` of FCOSMono3D  

bbox_head.scales.4.2.scale - torch.Size([]): 
The value is the same before and after calling `init_weights` of FCOSMono3D  
2023/07/21 14:48:30 - mmengine - WARNING - "FileClient" will be deprecated in future. Please use io functions in https://mmengine.readthedocs.io/en/latest/api/fileio.html#file-io
2023/07/21 14:48:30 - mmengine - WARNING - "HardDiskBackend" is the alias of "LocalBackend" and the former will be deprecated in future.
2023/07/21 14:48:30 - mmengine - INFO - Checkpoints will be saved to /home/efs/users/mateusz/Scene-Representation/work_dirs/fcos3d_r101-caffe-dcn_fpn_head-gn_8xb2-1x_nus-mono3d.
2023/07/21 14:49:07 - mmengine - INFO - Epoch(train)  [1][   50/84390]  base_lr: 7.9760e-04 lr: 7.9760e-04  eta: 8 days, 16:42:12  time: 0.7420  data_time: 0.0138  memory: 7522  grad_norm: 82.5398  loss: 14.3576  loss_cls: 0.9226  loss_offset: 1.4196  loss_depth: 4.2028  loss_size: 4.0791  loss_rotsin: 0.5383  loss_centerness: 0.6350  loss_velo: 0.0868  loss_dir: 0.7201  loss_attr: 1.7531
2023/07/21 14:49:37 - mmengine - INFO - Epoch(train)  [1][  100/84390]  base_lr: 9.3120e-04 lr: 9.3120e-04  eta: 7 days, 22:20:43  time: 0.6115  data_time: 0.0109  memory: 7570  grad_norm: 52.5515  loss: 13.3624  loss_cls: 0.8256  loss_offset: 1.4294  loss_depth: 3.7187  loss_size: 3.6312  loss_rotsin: 0.5401  loss_centerness: 0.6006  loss_velo: 0.0605  loss_dir: 0.7085  loss_attr: 1.8479
2023/07/21 14:50:08 - mmengine - INFO - Epoch(train)  [1][  150/84390]  base_lr: 1.0648e-03 lr: 1.0648e-03  eta: 7 days, 16:11:15  time: 0.6111  data_time: 0.0104  memory: 7524  grad_norm: 43.3818  loss: 13.1149  loss_cls: 0.7738  loss_offset: 1.4170  loss_depth: 3.4341  loss_size: 3.7436  loss_rotsin: 0.5594  loss_centerness: 0.6025  loss_velo: 0.0812  loss_dir: 0.7119  loss_attr: 1.7914
2023/07/21 14:50:39 - mmengine - INFO - Epoch(train)  [1][  200/84390]  base_lr: 1.1984e-03 lr: 1.1984e-03  eta: 7 days, 13:09:27  time: 0.6119  data_time: 0.0106  memory: 7522  grad_norm: 29.9455  loss: 12.7592  loss_cls: 0.7593  loss_offset: 1.4186  loss_depth: 3.1580  loss_size: 3.6959  loss_rotsin: 0.5411  loss_centerness: 0.6011  loss_velo: 0.0746  loss_dir: 0.6964  loss_attr: 1.8142
2023/07/21 14:51:09 - mmengine - INFO - Epoch(train)  [1][  250/84390]  base_lr: 1.3320e-03 lr: 1.3320e-03  eta: 7 days, 11:17:17  time: 0.6111  data_time: 0.0099  memory: 7557  grad_norm: 35.3006  loss: 13.0582  loss_cls: 0.7905  loss_offset: 1.4070  loss_depth: 3.4403  loss_size: 3.8825  loss_rotsin: 0.5076  loss_centerness: 0.6022  loss_velo: 0.0481  loss_dir: 0.7018  loss_attr: 1.6781
